{
  "Plan": {
    "Node Type": "Hash Join",
    "Parallel Aware": false,
    "Join Type": "Left",
    "Startup Cost": 394.93,
    "Total Cost": 417.11,
    "Plan Rows": 12,
    "Plan Width": 316,
    "Actual Startup Time": 226.103,
    "Actual Total Time": 232.217,
    "Actual Rows": 62,
    "Actual Loops": 1,
    "Output": [
      "c.relname",
      "(pg_total_relation_size((c.oid)::regclass))",
      "(pg_indexes_size((c.oid)::regclass))",
      "(COALESCE(pg_total_relation_size((c.reltoastrelid)::regclass), '0'::bigint))",
      "(((pg_total_relation_size((c.oid)::regclass)) - (pg_indexes_size((c.oid)::regclass))) - (COALESCE(pg_total_relation_size((c.reltoastrelid)::regclass), '0'::bigint)))",
      "COALESCE((count(*)), '0'::bigint)",
      "pg_size_pretty((pg_total_relation_size((c.oid)::regclass)))",
      "pg_size_pretty((pg_indexes_size((c.oid)::regclass)))",
      "pg_size_pretty((COALESCE(pg_total_relation_size((c.reltoastrelid)::regclass), '0'::bigint)))",
      "pg_size_pretty((((pg_total_relation_size((c.oid)::regclass)) - (pg_indexes_size((c.oid)::regclass))) - (COALESCE(pg_total_relation_size((c.reltoastrelid)::regclass), '0'::bigint))))",
      "CASE WHEN ((((s.heappages + s.toastpages))::double precision - (ceil((s.reltuples / ((((s.bs - (s.page_hdr)::numeric) * (s.fillfactor)::numeric))::double precision / (((((((4 + s.tpl_hdr_size))::double precision + s.tpl_data_size) + ((2 * s.ma))::double precision) - (CASE WHEN ((s.tpl_hdr_size % (s.ma)::bigint) = 0) THEN (s.ma)::bigint ELSE (s.tpl_hdr_size % (s.ma)::bigint) END)::double precision) - (CASE WHEN (((ceil(s.tpl_data_size))::integer % s.ma) = 0) THEN s.ma ELSE ((ceil(s.tpl_data_size))::integer % s.ma) END)::double precision) * '100'::double precision)))) + ceil((s.toasttuples / '4'::double precision)))) > '0'::double precision) THEN ((((s.heappages + s.toastpages))::double precision - (ceil((s.reltuples / ((((s.bs - (s.page_hdr)::numeric) * (s.fillfactor)::numeric))::double precision / (((((((4 + s.tpl_hdr_size))::double precision + s.tpl_data_size) + ((2 * s.ma))::double precision) - (CASE WHEN ((s.tpl_hdr_size % (s.ma)::bigint) = 0) THEN (s.ma)::bigint ELSE (s.tpl_hdr_size % (s.ma)::bigint) END)::double precision) - (CASE WHEN (((ceil(s.tpl_data_size))::integer % s.ma) = 0) THEN s.ma ELSE ((ceil(s.tpl_data_size))::integer % s.ma) END)::double precision) * '100'::double precision)))) + ceil((s.toasttuples / '4'::double precision)))) * (s.bs)::double precision) ELSE '0'::double precision END",
      "pg_size_pretty((CASE WHEN ((((s.heappages + s.toastpages))::double precision - (ceil((s.reltuples / ((((s.bs - (s.page_hdr)::numeric) * (s.fillfactor)::numeric))::double precision / (((((((4 + s.tpl_hdr_size))::double precision + s.tpl_data_size) + ((2 * s.ma))::double precision) - (CASE WHEN ((s.tpl_hdr_size % (s.ma)::bigint) = 0) THEN (s.ma)::bigint ELSE (s.tpl_hdr_size % (s.ma)::bigint) END)::double precision) - (CASE WHEN (((ceil(s.tpl_data_size))::integer % s.ma) = 0) THEN s.ma ELSE ((ceil(s.tpl_data_size))::integer % s.ma) END)::double precision) * '100'::double precision)))) + ceil((s.toasttuples / '4'::double precision)))) > '0'::double precision) THEN ((((s.heappages + s.toastpages))::double precision - (ceil((s.reltuples / ((((s.bs - (s.page_hdr)::numeric) * (s.fillfactor)::numeric))::double precision / (((((((4 + s.tpl_hdr_size))::double precision + s.tpl_data_size) + ((2 * s.ma))::double precision) - (CASE WHEN ((s.tpl_hdr_size % (s.ma)::bigint) = 0) THEN (s.ma)::bigint ELSE (s.tpl_hdr_size % (s.ma)::bigint) END)::double precision) - (CASE WHEN (((ceil(s.tpl_data_size))::integer % s.ma) = 0) THEN s.ma ELSE ((ceil(s.tpl_data_size))::integer % s.ma) END)::double precision) * '100'::double precision)))) + ceil((s.toasttuples / '4'::double precision)))) * (s.bs)::double precision) ELSE '0'::double precision END)::bigint)",
      "(sum((CASE WHEN ((q.relpages)::double precision > COALESCE(('1'::double precision + ceil((q.reltuples / floor((((((((current_setting('block_size'::text))::numeric) - ((16))::numeric) - ((24))::numeric) * (q.fillfactor)::numeric))::double precision / ('100'::double precision * (('4'::numeric + ((((((((CASE WHEN (max(COALESCE(s_3.stanullfrac, '0'::real)) = '0'::double precision) THEN 2 ELSE 6 END) + (CASE WHEN ((version() ~ 'mingw32'::text) OR (version() ~ '64-bit|x86_64|ppc64|ia64|amd64'::text)) THEN 8 ELSE 4 END)) - CASE WHEN (((CASE WHEN (max(COALESCE(s_3.stanullfrac, '0'::real)) = '0'::double precision) THEN 2 ELSE 6 END) % (CASE WHEN ((version() ~ 'mingw32'::text) OR (version() ~ '64-bit|x86_64|ppc64|ia64|amd64'::text)) THEN 8 ELSE 4 END)) = 0) THEN (CASE WHEN ((version() ~ 'mingw32'::text) OR (version() ~ '64-bit|x86_64|ppc64|ia64|amd64'::text)) THEN 8 ELSE 4 END) ELSE ((CASE WHEN (max(COALESCE(s_3.stanullfrac, '0'::real)) = '0'::double precision) THEN 2 ELSE 6 END) % (CASE WHEN ((version() ~ 'mingw32'::text) OR (version() ~ '64-bit|x86_64|ppc64|ia64|amd64'::text)) THEN 8 ELSE 4 END)) END))::double precision + (sum((('1'::double precision - COALESCE(s_3.stanullfrac, '0'::real)) * (COALESCE(s_3.stawidth, 1024))::double precision)))) + ((CASE WHEN ((version() ~ 'mingw32'::text) OR (version() ~ '64-bit|x86_64|ppc64|ia64|amd64'::text)) THEN 8 ELSE 4 END))::double precision) - (CASE WHEN ((sum((('1'::double precision - COALESCE(s_3.stanullfrac, '0'::real)) * (COALESCE(s_3.stawidth, 1024))::double precision))) = '0'::double precision) THEN 0 WHEN ((((sum((('1'::double precision - COALESCE(s_3.stanullfrac, '0'::real)) * (COALESCE(s_3.stawidth, 1024))::double precision))))::integer % (CASE WHEN ((version() ~ 'mingw32'::text) OR (version() ~ '64-bit|x86_64|ppc64|ia64|amd64'::text)) THEN 8 ELSE 4 END)) = 0) THEN (CASE WHEN ((version() ~ 'mingw32'::text) OR (version() ~ '64-bit|x86_64|ppc64|ia64|amd64'::text)) THEN 8 ELSE 4 END) ELSE (((sum((('1'::double precision - COALESCE(s_3.stanullfrac, '0'::real)) * (COALESCE(s_3.stawidth, 1024))::double precision))))::integer % (CASE WHEN ((version() ~ 'mingw32'::text) OR (version() ~ '64-bit|x86_64|ppc64|ia64|amd64'::text)) THEN 8 ELSE 4 END)) END)::double precision))::numeric))::double precision)))))), '0'::double precision)) THEN ((((current_setting('block_size'::text))::numeric))::double precision * ((q.relpages)::double precision - COALESCE(('1'::double precision + ceil((q.reltuples / floor((((((((current_setting('block_size'::text))::numeric) - ((16))::numeric) - ((24))::numeric) * (q.fillfactor)::numeric))::double precision / ('100'::double precision * (('4'::numeric + ((((((((CASE WHEN (max(COALESCE(s_3.stanullfrac, '0'::real)) = '0'::double precision) THEN 2 ELSE 6 END) + (CASE WHEN ((version() ~ 'mingw32'::text) OR (version() ~ '64-bit|x86_64|ppc64|ia64|amd64'::text)) THEN 8 ELSE 4 END)) - CASE WHEN (((CASE WHEN (max(COALESCE(s_3.stanullfrac, '0'::real)) = '0'::double precision) THEN 2 ELSE 6 END) % (CASE WHEN ((version() ~ 'mingw32'::text) OR (version() ~ '64-bit|x86_64|ppc64|ia64|amd64'::text)) THEN 8 ELSE 4 END)) = 0) THEN (CASE WHEN ((version() ~ 'mingw32'::text) OR (version() ~ '64-bit|x86_64|ppc64|ia64|amd64'::text)) THEN 8 ELSE 4 END) ELSE ((CASE WHEN (max(COALESCE(s_3.stanullfrac, '0'::real)) = '0'::double precision) THEN 2 ELSE 6 END) % (CASE WHEN ((version() ~ 'mingw32'::text) OR (version() ~ '64-bit|x86_64|ppc64|ia64|amd64'::text)) THEN 8 ELSE 4 END)) END))::double precision + (sum((('1'::double precision - COALESCE(s_3.stanullfrac, '0'::real)) * (COALESCE(s_3.stawidth, 1024))::double precision)))) + ((CASE WHEN ((version() ~ 'mingw32'::text) OR (version() ~ '64-bit|x86_64|ppc64|ia64|amd64'::text)) THEN 8 ELSE 4 END))::double precision) - (CASE WHEN ((sum((('1'::double precision - COALESCE(s_3.stanullfrac, '0'::real)) * (COALESCE(s_3.stawidth, 1024))::double precision))) = '0'::double precision) THEN 0 WHEN ((((sum((('1'::double precision - COALESCE(s_3.stanullfrac, '0'::real)) * (COALESCE(s_3.stawidth, 1024))::double precision))))::integer % (CASE WHEN ((version() ~ 'mingw32'::text) OR (version() ~ '64-bit|x86_64|ppc64|ia64|amd64'::text)) THEN 8 ELSE 4 END)) = 0) THEN (CASE WHEN ((version() ~ 'mingw32'::text) OR (version() ~ '64-bit|x86_64|ppc64|ia64|amd64'::text)) THEN 8 ELSE 4 END) ELSE (((sum((('1'::double precision - COALESCE(s_3.stanullfrac, '0'::real)) * (COALESCE(s_3.stawidth, 1024))::double precision))))::integer % (CASE WHEN ((version() ~ 'mingw32'::text) OR (version() ~ '64-bit|x86_64|ppc64|ia64|amd64'::text)) THEN 8 ELSE 4 END)) END)::double precision))::numeric))::double precision)))))), '0'::double precision))) ELSE '0'::double precision END)))",
      "pg_size_pretty(((sum((CASE WHEN ((q.relpages)::double precision > COALESCE(('1'::double precision + ceil((q.reltuples / floor((((((((current_setting('block_size'::text))::numeric) - ((16))::numeric) - ((24))::numeric) * (q.fillfactor)::numeric))::double precision / ('100'::double precision * (('4'::numeric + ((((((((CASE WHEN (max(COALESCE(s_3.stanullfrac, '0'::real)) = '0'::double precision) THEN 2 ELSE 6 END) + (CASE WHEN ((version() ~ 'mingw32'::text) OR (version() ~ '64-bit|x86_64|ppc64|ia64|amd64'::text)) THEN 8 ELSE 4 END)) - CASE WHEN (((CASE WHEN (max(COALESCE(s_3.stanullfrac, '0'::real)) = '0'::double precision) THEN 2 ELSE 6 END) % (CASE WHEN ((version() ~ 'mingw32'::text) OR (version() ~ '64-bit|x86_64|ppc64|ia64|amd64'::text)) THEN 8 ELSE 4 END)) = 0) THEN (CASE WHEN ((version() ~ 'mingw32'::text) OR (version() ~ '64-bit|x86_64|ppc64|ia64|amd64'::text)) THEN 8 ELSE 4 END) ELSE ((CASE WHEN (max(COALESCE(s_3.stanullfrac, '0'::real)) = '0'::double precision) THEN 2 ELSE 6 END) % (CASE WHEN ((version() ~ 'mingw32'::text) OR (version() ~ '64-bit|x86_64|ppc64|ia64|amd64'::text)) THEN 8 ELSE 4 END)) END))::double precision + (sum((('1'::double precision - COALESCE(s_3.stanullfrac, '0'::real)) * (COALESCE(s_3.stawidth, 1024))::double precision)))) + ((CASE WHEN ((version() ~ 'mingw32'::text) OR (version() ~ '64-bit|x86_64|ppc64|ia64|amd64'::text)) THEN 8 ELSE 4 END))::double precision) - (CASE WHEN ((sum((('1'::double precision - COALESCE(s_3.stanullfrac, '0'::real)) * (COALESCE(s_3.stawidth, 1024))::double precision))) = '0'::double precision) THEN 0 WHEN ((((sum((('1'::double precision - COALESCE(s_3.stanullfrac, '0'::real)) * (COALESCE(s_3.stawidth, 1024))::double precision))))::integer % (CASE WHEN ((version() ~ 'mingw32'::text) OR (version() ~ '64-bit|x86_64|ppc64|ia64|amd64'::text)) THEN 8 ELSE 4 END)) = 0) THEN (CASE WHEN ((version() ~ 'mingw32'::text) OR (version() ~ '64-bit|x86_64|ppc64|ia64|amd64'::text)) THEN 8 ELSE 4 END) ELSE (((sum((('1'::double precision - COALESCE(s_3.stanullfrac, '0'::real)) * (COALESCE(s_3.stawidth, 1024))::double precision))))::integer % (CASE WHEN ((version() ~ 'mingw32'::text) OR (version() ~ '64-bit|x86_64|ppc64|ia64|amd64'::text)) THEN 8 ELSE 4 END)) END)::double precision))::numeric))::double precision)))))), '0'::double precision)) THEN ((((current_setting('block_size'::text))::numeric))::double precision * ((q.relpages)::double precision - COALESCE(('1'::double precision + ceil((q.reltuples / floor((((((((current_setting('block_size'::text))::numeric) - ((16))::numeric) - ((24))::numeric) * (q.fillfactor)::numeric))::double precision / ('100'::double precision * (('4'::numeric + ((((((((CASE WHEN (max(COALESCE(s_3.stanullfrac, '0'::real)) = '0'::double precision) THEN 2 ELSE 6 END) + (CASE WHEN ((version() ~ 'mingw32'::text) OR (version() ~ '64-bit|x86_64|ppc64|ia64|amd64'::text)) THEN 8 ELSE 4 END)) - CASE WHEN (((CASE WHEN (max(COALESCE(s_3.stanullfrac, '0'::real)) = '0'::double precision) THEN 2 ELSE 6 END) % (CASE WHEN ((version() ~ 'mingw32'::text) OR (version() ~ '64-bit|x86_64|ppc64|ia64|amd64'::text)) THEN 8 ELSE 4 END)) = 0) THEN (CASE WHEN ((version() ~ 'mingw32'::text) OR (version() ~ '64-bit|x86_64|ppc64|ia64|amd64'::text)) THEN 8 ELSE 4 END) ELSE ((CASE WHEN (max(COALESCE(s_3.stanullfrac, '0'::real)) = '0'::double precision) THEN 2 ELSE 6 END) % (CASE WHEN ((version() ~ 'mingw32'::text) OR (version() ~ '64-bit|x86_64|ppc64|ia64|amd64'::text)) THEN 8 ELSE 4 END)) END))::double precision + (sum((('1'::double precision - COALESCE(s_3.stanullfrac, '0'::real)) * (COALESCE(s_3.stawidth, 1024))::double precision)))) + ((CASE WHEN ((version() ~ 'mingw32'::text) OR (version() ~ '64-bit|x86_64|ppc64|ia64|amd64'::text)) THEN 8 ELSE 4 END))::double precision) - (CASE WHEN ((sum((('1'::double precision - COALESCE(s_3.stanullfrac, '0'::real)) * (COALESCE(s_3.stawidth, 1024))::double precision))) = '0'::double precision) THEN 0 WHEN ((((sum((('1'::double precision - COALESCE(s_3.stanullfrac, '0'::real)) * (COALESCE(s_3.stawidth, 1024))::double precision))))::integer % (CASE WHEN ((version() ~ 'mingw32'::text) OR (version() ~ '64-bit|x86_64|ppc64|ia64|amd64'::text)) THEN 8 ELSE 4 END)) = 0) THEN (CASE WHEN ((version() ~ 'mingw32'::text) OR (version() ~ '64-bit|x86_64|ppc64|ia64|amd64'::text)) THEN 8 ELSE 4 END) ELSE (((sum((('1'::double precision - COALESCE(s_3.stanullfrac, '0'::real)) * (COALESCE(s_3.stawidth, 1024))::double precision))))::integer % (CASE WHEN ((version() ~ 'mingw32'::text) OR (version() ~ '64-bit|x86_64|ppc64|ia64|amd64'::text)) THEN 8 ELSE 4 END)) END)::double precision))::numeric))::double precision)))))), '0'::double precision))) ELSE '0'::double precision END))))::bigint)",
      "c.reltuples"
    ],
    "Inner Unique": true,
    "Hash Cond": "((n.nspname = q.nspname) AND (c.relname = q.tblname))",
    "Shared Hit Blocks": 218101,
    "Shared Read Blocks": 0,
    "Shared Dirtied Blocks": 0,
    "Shared Written Blocks": 0,
    "Local Hit Blocks": 0,
    "Local Read Blocks": 0,
    "Local Dirtied Blocks": 0,
    "Local Written Blocks": 0,
    "Temp Read Blocks": 0,
    "Temp Written Blocks": 0,
    "Plans": [
      {
        "Node Type": "Hash Join",
        "Parent Relationship": "Outer",
        "Parallel Aware": false,
        "Join Type": "Inner",
        "Startup Cost": 211.58,
        "Total Cost": 228.59,
        "Plan Rows": 12,
        "Plan Width": 240,
        "Actual Startup Time": 35.727,
        "Actual Total Time": 41.452,
        "Actual Rows": 62,
        "Actual Loops": 1,
        "Output": [
          "c.relname",
          "(pg_total_relation_size((c.oid)::regclass))",
          "(pg_indexes_size((c.oid)::regclass))",
          "(COALESCE(pg_total_relation_size((c.reltoastrelid)::regclass), '0'::bigint))",
          "c.reltuples",
          "n.nspname",
          "(count(*))",
          "s.heappages",
          "s.toastpages",
          "s.reltuples",
          "s.bs",
          "s.page_hdr",
          "s.fillfactor",
          "s.tpl_hdr_size",
          "s.tpl_data_size",
          "s.ma",
          "s.toasttuples"
        ],
        "Inner Unique": false,
        "Hash Cond": "(c.relname = s.tblname)",
        "Shared Hit Blocks": 2449,
        "Shared Read Blocks": 0,
        "Shared Dirtied Blocks": 0,
        "Shared Written Blocks": 0,
        "Local Hit Blocks": 0,
        "Local Read Blocks": 0,
        "Local Dirtied Blocks": 0,
        "Local Written Blocks": 0,
        "Temp Read Blocks": 0,
        "Temp Written Blocks": 0,
        "Plans": [
          {
            "Node Type": "Hash Join",
            "Parent Relationship": "Outer",
            "Parallel Aware": false,
            "Join Type": "Left",
            "Startup Cost": 42.71,
            "Total Cost": 59.55,
            "Plan Rows": 12,
            "Plan Width": 164,
            "Actual Startup Time": 0.697,
            "Actual Total Time": 6.325,
            "Actual Rows": 62,
            "Actual Loops": 1,
            "Output": [
              "c.relname",
              "(pg_total_relation_size((c.oid)::regclass))",
              "(pg_indexes_size((c.oid)::regclass))",
              "(COALESCE(pg_total_relation_size((c.reltoastrelid)::regclass), '0'::bigint))",
              "c.reltuples",
              "n.nspname",
              "(count(*))"
            ],
            "Inner Unique": true,
            "Hash Cond": "(c.relname = c_1.relname)",
            "Shared Hit Blocks": 694,
            "Shared Read Blocks": 0,
            "Shared Dirtied Blocks": 0,
            "Shared Written Blocks": 0,
            "Local Hit Blocks": 0,
            "Local Read Blocks": 0,
            "Local Dirtied Blocks": 0,
            "Local Written Blocks": 0,
            "Temp Read Blocks": 0,
            "Temp Written Blocks": 0,
            "Plans": [
              {
                "Node Type": "Hash Join",
                "Parent Relationship": "Outer",
                "Parallel Aware": false,
                "Join Type": "Inner",
                "Startup Cost": 1.09,
                "Total Cost": 17.77,
                "Plan Rows": 12,
                "Plan Width": 160,
                "Actual Startup Time": 0.151,
                "Actual Total Time": 5.685,
                "Actual Rows": 62,
                "Actual Loops": 1,
                "Output": [
                  "NULL::oid",
                  "n.nspname",
                  "c.relname",
                  "c.reltuples",
                  "pg_total_relation_size((c.oid)::regclass)",
                  "pg_indexes_size((c.oid)::regclass)",
                  "COALESCE(pg_total_relation_size((c.reltoastrelid)::regclass), '0'::bigint)"
                ],
                "Inner Unique": true,
                "Hash Cond": "(c.relnamespace = n.oid)",
                "Shared Hit Blocks": 663,
                "Shared Read Blocks": 0,
                "Shared Dirtied Blocks": 0,
                "Shared Written Blocks": 0,
                "Local Hit Blocks": 0,
                "Local Read Blocks": 0,
                "Local Dirtied Blocks": 0,
                "Local Written Blocks": 0,
                "Temp Read Blocks": 0,
                "Temp Written Blocks": 0,
                "Plans": [
                  {
                    "Node Type": "Seq Scan",
                    "Parent Relationship": "Outer",
                    "Parallel Aware": false,
                    "Relation Name": "pg_class",
                    "Schema": "pg_catalog",
                    "Alias": "c",
                    "Startup Cost": 0.0,
                    "Total Cost": 16.27,
                    "Plan Rows": 69,
                    "Plan Width": 80,
                    "Actual Startup Time": 0.014,
                    "Actual Total Time": 0.135,
                    "Actual Rows": 71,
                    "Actual Loops": 1,
                    "Output": [
                      "c.relname",
                      "c.reltuples",
                      "c.oid",
                      "c.reltoastrelid",
                      "c.relnamespace"
                    ],
                    "Filter": "(c.relkind = 'r'::\"char\")",
                    "Rows Removed by Filter": 277,
                    "Shared Hit Blocks": 12,
                    "Shared Read Blocks": 0,
                    "Shared Dirtied Blocks": 0,
                    "Shared Written Blocks": 0,
                    "Local Hit Blocks": 0,
                    "Local Read Blocks": 0,
                    "Local Dirtied Blocks": 0,
                    "Local Written Blocks": 0,
                    "Temp Read Blocks": 0,
                    "Temp Written Blocks": 0
                  },
                  {
                    "Node Type": "Hash",
                    "Parent Relationship": "Inner",
                    "Parallel Aware": false,
                    "Startup Cost": 1.07,
                    "Total Cost": 1.07,
                    "Plan Rows": 1,
                    "Plan Width": 68,
                    "Actual Startup Time": 0.014,
                    "Actual Total Time": 0.014,
                    "Actual Rows": 1,
                    "Actual Loops": 1,
                    "Output": ["n.nspname", "n.oid"],
                    "Hash Buckets": 1024,
                    "Original Hash Buckets": 1024,
                    "Hash Batches": 1,
                    "Original Hash Batches": 1,
                    "Peak Memory Usage": 9,
                    "Shared Hit Blocks": 1,
                    "Shared Read Blocks": 0,
                    "Shared Dirtied Blocks": 0,
                    "Shared Written Blocks": 0,
                    "Local Hit Blocks": 0,
                    "Local Read Blocks": 0,
                    "Local Dirtied Blocks": 0,
                    "Local Written Blocks": 0,
                    "Temp Read Blocks": 0,
                    "Temp Written Blocks": 0,
                    "Plans": [
                      {
                        "Node Type": "Seq Scan",
                        "Parent Relationship": "Outer",
                        "Parallel Aware": false,
                        "Relation Name": "pg_namespace",
                        "Schema": "pg_catalog",
                        "Alias": "n",
                        "Startup Cost": 0.0,
                        "Total Cost": 1.07,
                        "Plan Rows": 1,
                        "Plan Width": 68,
                        "Actual Startup Time": 0.006,
                        "Actual Total Time": 0.007,
                        "Actual Rows": 1,
                        "Actual Loops": 1,
                        "Output": ["n.nspname", "n.oid"],
                        "Filter": "(n.nspname = 'pg_catalog'::name)",
                        "Rows Removed by Filter": 6,
                        "Shared Hit Blocks": 1,
                        "Shared Read Blocks": 0,
                        "Shared Dirtied Blocks": 0,
                        "Shared Written Blocks": 0,
                        "Local Hit Blocks": 0,
                        "Local Read Blocks": 0,
                        "Local Dirtied Blocks": 0,
                        "Local Written Blocks": 0,
                        "Temp Read Blocks": 0,
                        "Temp Written Blocks": 0
                      }
                    ]
                  }
                ]
              },
              {
                "Node Type": "Hash",
                "Parent Relationship": "Inner",
                "Parallel Aware": false,
                "Startup Cost": 41.44,
                "Total Cost": 41.44,
                "Plan Rows": 14,
                "Plan Width": 72,
                "Actual Startup Time": 0.529,
                "Actual Total Time": 0.529,
                "Actual Rows": 62,
                "Actual Loops": 1,
                "Output": ["(count(*))", "c_1.relname"],
                "Hash Buckets": 1024,
                "Original Hash Buckets": 1024,
                "Hash Batches": 1,
                "Original Hash Batches": 1,
                "Peak Memory Usage": 15,
                "Shared Hit Blocks": 31,
                "Shared Read Blocks": 0,
                "Shared Dirtied Blocks": 0,
                "Shared Written Blocks": 0,
                "Local Hit Blocks": 0,
                "Local Read Blocks": 0,
                "Local Dirtied Blocks": 0,
                "Local Written Blocks": 0,
                "Temp Read Blocks": 0,
                "Temp Written Blocks": 0,
                "Plans": [
                  {
                    "Node Type": "Aggregate",
                    "Strategy": "Sorted",
                    "Partial Mode": "Simple",
                    "Parent Relationship": "Outer",
                    "Parallel Aware": false,
                    "Startup Cost": 41.06,
                    "Total Cost": 41.3,
                    "Plan Rows": 14,
                    "Plan Width": 72,
                    "Actual Startup Time": 0.474,
                    "Actual Total Time": 0.504,
                    "Actual Rows": 62,
                    "Actual Loops": 1,
                    "Output": ["count(*)", "c_1.relname"],
                    "Group Key": ["c_1.relname"],
                    "Shared Hit Blocks": 31,
                    "Shared Read Blocks": 0,
                    "Shared Dirtied Blocks": 0,
                    "Shared Written Blocks": 0,
                    "Local Hit Blocks": 0,
                    "Local Read Blocks": 0,
                    "Local Dirtied Blocks": 0,
                    "Local Written Blocks": 0,
                    "Temp Read Blocks": 0,
                    "Temp Written Blocks": 0,
                    "Plans": [
                      {
                        "Node Type": "Sort",
                        "Parent Relationship": "Outer",
                        "Parallel Aware": false,
                        "Startup Cost": 41.06,
                        "Total Cost": 41.09,
                        "Plan Rows": 14,
                        "Plan Width": 64,
                        "Actual Startup Time": 0.463,
                        "Actual Total Time": 0.469,
                        "Actual Rows": 116,
                        "Actual Loops": 1,
                        "Output": ["c_1.relname"],
                        "Sort Key": ["c_1.relname"],
                        "Sort Method": "quicksort",
                        "Sort Space Used": 41,
                        "Sort Space Type": "Memory",
                        "Shared Hit Blocks": 31,
                        "Shared Read Blocks": 0,
                        "Shared Dirtied Blocks": 0,
                        "Shared Written Blocks": 0,
                        "Local Hit Blocks": 0,
                        "Local Read Blocks": 0,
                        "Local Dirtied Blocks": 0,
                        "Local Written Blocks": 0,
                        "Temp Read Blocks": 0,
                        "Temp Written Blocks": 0,
                        "Plans": [
                          {
                            "Node Type": "Hash Join",
                            "Parent Relationship": "Outer",
                            "Parallel Aware": false,
                            "Join Type": "Inner",
                            "Startup Cost": 23.87,
                            "Total Cost": 40.79,
                            "Plan Rows": 14,
                            "Plan Width": 64,
                            "Actual Startup Time": 0.266,
                            "Actual Total Time": 0.366,
                            "Actual Rows": 116,
                            "Actual Loops": 1,
                            "Output": ["c_1.relname"],
                            "Inner Unique": false,
                            "Hash Cond": "(i.oid = x.indexrelid)",
                            "Shared Hit Blocks": 28,
                            "Shared Read Blocks": 0,
                            "Shared Dirtied Blocks": 0,
                            "Shared Written Blocks": 0,
                            "Local Hit Blocks": 0,
                            "Local Read Blocks": 0,
                            "Local Dirtied Blocks": 0,
                            "Local Written Blocks": 0,
                            "Temp Read Blocks": 0,
                            "Temp Written Blocks": 0,
                            "Plans": [
                              {
                                "Node Type": "Seq Scan",
                                "Parent Relationship": "Outer",
                                "Parallel Aware": false,
                                "Relation Name": "pg_class",
                                "Schema": "pg_catalog",
                                "Alias": "i",
                                "Startup Cost": 0.0,
                                "Total Cost": 16.27,
                                "Plan Rows": 135,
                                "Plan Width": 8,
                                "Actual Startup Time": 0.009,
                                "Actual Total Time": 0.09,
                                "Actual Rows": 137,
                                "Actual Loops": 1,
                                "Output": ["i.oid", "i.reltablespace"],
                                "Filter": "(i.relkind = 'i'::\"char\")",
                                "Rows Removed by Filter": 211,
                                "Shared Hit Blocks": 12,
                                "Shared Read Blocks": 0,
                                "Shared Dirtied Blocks": 0,
                                "Shared Written Blocks": 0,
                                "Local Hit Blocks": 0,
                                "Local Read Blocks": 0,
                                "Local Dirtied Blocks": 0,
                                "Local Written Blocks": 0,
                                "Temp Read Blocks": 0,
                                "Temp Written Blocks": 0
                              },
                              {
                                "Node Type": "Hash",
                                "Parent Relationship": "Inner",
                                "Parallel Aware": false,
                                "Startup Cost": 23.42,
                                "Total Cost": 23.42,
                                "Plan Rows": 36,
                                "Plan Width": 68,
                                "Actual Startup Time": 0.237,
                                "Actual Total Time": 0.237,
                                "Actual Rows": 116,
                                "Actual Loops": 1,
                                "Output": ["x.indexrelid", "c_1.relname"],
                                "Hash Buckets": 1024,
                                "Original Hash Buckets": 1024,
                                "Hash Batches": 1,
                                "Original Hash Batches": 1,
                                "Peak Memory Usage": 20,
                                "Shared Hit Blocks": 16,
                                "Shared Read Blocks": 0,
                                "Shared Dirtied Blocks": 0,
                                "Shared Written Blocks": 0,
                                "Local Hit Blocks": 0,
                                "Local Read Blocks": 0,
                                "Local Dirtied Blocks": 0,
                                "Local Written Blocks": 0,
                                "Temp Read Blocks": 0,
                                "Temp Written Blocks": 0,
                                "Plans": [
                                  {
                                    "Node Type": "Hash Join",
                                    "Parent Relationship": "Outer",
                                    "Parallel Aware": false,
                                    "Join Type": "Inner",
                                    "Startup Cost": 17.14,
                                    "Total Cost": 23.42,
                                    "Plan Rows": 36,
                                    "Plan Width": 68,
                                    "Actual Startup Time": 0.145,
                                    "Actual Total Time": 0.21,
                                    "Actual Rows": 116,
                                    "Actual Loops": 1,
                                    "Output": ["x.indexrelid", "c_1.relname"],
                                    "Inner Unique": true,
                                    "Hash Cond": "(x.indrelid = c_1.oid)",
                                    "Shared Hit Blocks": 16,
                                    "Shared Read Blocks": 0,
                                    "Shared Dirtied Blocks": 0,
                                    "Shared Written Blocks": 0,
                                    "Local Hit Blocks": 0,
                                    "Local Read Blocks": 0,
                                    "Local Dirtied Blocks": 0,
                                    "Local Written Blocks": 0,
                                    "Temp Read Blocks": 0,
                                    "Temp Written Blocks": 0,
                                    "Plans": [
                                      {
                                        "Node Type": "Seq Scan",
                                        "Parent Relationship": "Outer",
                                        "Parallel Aware": false,
                                        "Relation Name": "pg_index",
                                        "Schema": "pg_catalog",
                                        "Alias": "x",
                                        "Startup Cost": 0.0,
                                        "Total Cost": 5.8,
                                        "Plan Rows": 180,
                                        "Plan Width": 8,
                                        "Actual Startup Time": 0.005,
                                        "Actual Total Time": 0.018,
                                        "Actual Rows": 137,
                                        "Actual Loops": 1,
                                        "Output": [
                                          "x.indexrelid",
                                          "x.indrelid",
                                          "x.indnatts",
                                          "x.indnkeyatts",
                                          "x.indisunique",
                                          "x.indisprimary",
                                          "x.indisexclusion",
                                          "x.indimmediate",
                                          "x.indisclustered",
                                          "x.indisvalid",
                                          "x.indcheckxmin",
                                          "x.indisready",
                                          "x.indislive",
                                          "x.indisreplident",
                                          "x.indkey",
                                          "x.indcollation",
                                          "x.indclass",
                                          "x.indoption",
                                          "x.indexprs",
                                          "x.indpred"
                                        ],
                                        "Shared Hit Blocks": 4,
                                        "Shared Read Blocks": 0,
                                        "Shared Dirtied Blocks": 0,
                                        "Shared Written Blocks": 0,
                                        "Local Hit Blocks": 0,
                                        "Local Read Blocks": 0,
                                        "Local Dirtied Blocks": 0,
                                        "Local Written Blocks": 0,
                                        "Temp Read Blocks": 0,
                                        "Temp Written Blocks": 0
                                      },
                                      {
                                        "Node Type": "Hash",
                                        "Parent Relationship": "Inner",
                                        "Parallel Aware": false,
                                        "Startup Cost": 16.27,
                                        "Total Cost": 16.27,
                                        "Plan Rows": 69,
                                        "Plan Width": 72,
                                        "Actual Startup Time": 0.124,
                                        "Actual Total Time": 0.124,
                                        "Actual Rows": 71,
                                        "Actual Loops": 1,
                                        "Output": [
                                          "c_1.relname",
                                          "c_1.oid",
                                          "c_1.relnamespace"
                                        ],
                                        "Hash Buckets": 1024,
                                        "Original Hash Buckets": 1024,
                                        "Hash Batches": 1,
                                        "Original Hash Batches": 1,
                                        "Peak Memory Usage": 16,
                                        "Shared Hit Blocks": 12,
                                        "Shared Read Blocks": 0,
                                        "Shared Dirtied Blocks": 0,
                                        "Shared Written Blocks": 0,
                                        "Local Hit Blocks": 0,
                                        "Local Read Blocks": 0,
                                        "Local Dirtied Blocks": 0,
                                        "Local Written Blocks": 0,
                                        "Temp Read Blocks": 0,
                                        "Temp Written Blocks": 0,
                                        "Plans": [
                                          {
                                            "Node Type": "Seq Scan",
                                            "Parent Relationship": "Outer",
                                            "Parallel Aware": false,
                                            "Relation Name": "pg_class",
                                            "Schema": "pg_catalog",
                                            "Alias": "c_1",
                                            "Startup Cost": 0.0,
                                            "Total Cost": 16.27,
                                            "Plan Rows": 69,
                                            "Plan Width": 72,
                                            "Actual Startup Time": 0.005,
                                            "Actual Total Time": 0.11,
                                            "Actual Rows": 71,
                                            "Actual Loops": 1,
                                            "Output": [
                                              "c_1.relname",
                                              "c_1.oid",
                                              "c_1.relnamespace"
                                            ],
                                            "Filter": "(c_1.relkind = ANY ('{r,m}'::\"char\"[]))",
                                            "Rows Removed by Filter": 277,
                                            "Shared Hit Blocks": 12,
                                            "Shared Read Blocks": 0,
                                            "Shared Dirtied Blocks": 0,
                                            "Shared Written Blocks": 0,
                                            "Local Hit Blocks": 0,
                                            "Local Read Blocks": 0,
                                            "Local Dirtied Blocks": 0,
                                            "Local Written Blocks": 0,
                                            "Temp Read Blocks": 0,
                                            "Temp Written Blocks": 0
                                          }
                                        ]
                                      }
                                    ]
                                  }
                                ]
                              }
                            ]
                          }
                        ]
                      }
                    ]
                  }
                ]
              }
            ]
          },
          {
            "Node Type": "Hash",
            "Parent Relationship": "Inner",
            "Parallel Aware": false,
            "Startup Cost": 168.03,
            "Total Cost": 168.03,
            "Plan Rows": 68,
            "Plan Width": 204,
            "Actual Startup Time": 34.99,
            "Actual Total Time": 34.99,
            "Actual Rows": 62,
            "Actual Loops": 1,
            "Output": [
              "s.heappages",
              "s.toastpages",
              "s.reltuples",
              "s.bs",
              "s.page_hdr",
              "s.fillfactor",
              "s.tpl_hdr_size",
              "s.tpl_data_size",
              "s.ma",
              "s.toasttuples",
              "s.schemaname",
              "s.tblname"
            ],
            "Hash Buckets": 1024,
            "Original Hash Buckets": 1024,
            "Hash Batches": 1,
            "Original Hash Batches": 1,
            "Peak Memory Usage": 22,
            "Shared Hit Blocks": 1755,
            "Shared Read Blocks": 0,
            "Shared Dirtied Blocks": 0,
            "Shared Written Blocks": 0,
            "Local Hit Blocks": 0,
            "Local Read Blocks": 0,
            "Local Dirtied Blocks": 0,
            "Local Written Blocks": 0,
            "Temp Read Blocks": 0,
            "Temp Written Blocks": 0,
            "Plans": [
              {
                "Node Type": "Subquery Scan",
                "Parent Relationship": "Outer",
                "Parallel Aware": false,
                "Alias": "s",
                "Startup Cost": 160.72,
                "Total Cost": 168.03,
                "Plan Rows": 68,
                "Plan Width": 204,
                "Actual Startup Time": 34.381,
                "Actual Total Time": 34.907,
                "Actual Rows": 62,
                "Actual Loops": 1,
                "Output": [
                  "s.heappages",
                  "s.toastpages",
                  "s.reltuples",
                  "s.bs",
                  "s.page_hdr",
                  "s.fillfactor",
                  "s.tpl_hdr_size",
                  "s.tpl_data_size",
                  "s.ma",
                  "s.toasttuples",
                  "s.schemaname",
                  "s.tblname"
                ],
                "Shared Hit Blocks": 1755,
                "Shared Read Blocks": 0,
                "Shared Dirtied Blocks": 0,
                "Shared Written Blocks": 0,
                "Local Hit Blocks": 0,
                "Local Read Blocks": 0,
                "Local Dirtied Blocks": 0,
                "Local Written Blocks": 0,
                "Temp Read Blocks": 0,
                "Temp Written Blocks": 0,
                "Plans": [
                  {
                    "Node Type": "Aggregate",
                    "Strategy": "Sorted",
                    "Partial Mode": "Simple",
                    "Parent Relationship": "Subquery",
                    "Parallel Aware": false,
                    "Startup Cost": 160.72,
                    "Total Cost": 167.35,
                    "Plan Rows": 68,
                    "Plan Width": 210,
                    "Actual Startup Time": 34.375,
                    "Actual Total Time": 34.86,
                    "Actual Rows": 62,
                    "Actual Loops": 1,
                    "Output": [
                      "tbl.oid",
                      "ns.nspname",
                      "tbl.relname",
                      "tbl.reltuples",
                      "tbl.relpages",
                      "(COALESCE(toast.relpages, 0))",
                      "(COALESCE(toast.reltuples, '0'::real))",
                      "(COALESCE(((\"substring\"(array_to_string(tbl.reloptions, ' '::text), 'fillfactor=([0-9]+)'::text))::smallint)::integer, 100))",
                      "((current_setting('block_size'::text))::numeric)",
                      "(CASE WHEN ((version() ~ 'mingw32'::text) OR (version() ~ '64-bit|x86_64|ppc64|ia64|amd64'::text)) THEN 8 ELSE 4 END)",
                      "24",
                      "((23 + CASE WHEN (max(COALESCE(s_1.null_frac, '0'::real)) > '0'::double precision) THEN ((7 + count(*)) / 8) ELSE '0'::bigint END) + CASE WHEN tbl.relhasoids THEN 4 ELSE 0 END)",
                      "sum((('1'::double precision - COALESCE(s_1.null_frac, '0'::real)) * (COALESCE(s_1.avg_width, 1024))::double precision))",
                      "NULL::boolean",
                      "tbl.relhasoids"
                    ],
                    "Group Key": [
                      "ns.nspname",
                      "tbl.relname",
                      "tbl.oid",
                      "tbl.reltuples",
                      "tbl.relpages",
                      "(COALESCE(toast.relpages, 0))",
                      "(COALESCE(toast.reltuples, '0'::real))",
                      "(COALESCE(((\"substring\"(array_to_string(tbl.reloptions, ' '::text), 'fillfactor=([0-9]+)'::text))::smallint)::integer, 100))",
                      "((current_setting('block_size'::text))::numeric)",
                      "(CASE WHEN ((version() ~ 'mingw32'::text) OR (version() ~ '64-bit|x86_64|ppc64|ia64|amd64'::text)) THEN 8 ELSE 4 END)",
                      "tbl.relhasoids"
                    ],
                    "Shared Hit Blocks": 1755,
                    "Shared Read Blocks": 0,
                    "Shared Dirtied Blocks": 0,
                    "Shared Written Blocks": 0,
                    "Local Hit Blocks": 0,
                    "Local Read Blocks": 0,
                    "Local Dirtied Blocks": 0,
                    "Local Written Blocks": 0,
                    "Temp Read Blocks": 0,
                    "Temp Written Blocks": 0,
                    "Plans": [
                      {
                        "Node Type": "Sort",
                        "Parent Relationship": "Outer",
                        "Parallel Aware": false,
                        "Startup Cost": 160.72,
                        "Total Cost": 160.89,
                        "Plan Rows": 68,
                        "Plan Width": 197,
                        "Actual Startup Time": 34.295,
                        "Actual Total Time": 34.371,
                        "Actual Rows": 522,
                        "Actual Loops": 1,
                        "Output": [
                          "tbl.oid",
                          "ns.nspname",
                          "tbl.relname",
                          "tbl.reltuples",
                          "tbl.relpages",
                          "(COALESCE(toast.relpages, 0))",
                          "(COALESCE(toast.reltuples, '0'::real))",
                          "(COALESCE(((\"substring\"(array_to_string(tbl.reloptions, ' '::text), 'fillfactor=([0-9]+)'::text))::smallint)::integer, 100))",
                          "((current_setting('block_size'::text))::numeric)",
                          "(CASE WHEN ((version() ~ 'mingw32'::text) OR (version() ~ '64-bit|x86_64|ppc64|ia64|amd64'::text)) THEN 8 ELSE 4 END)",
                          "tbl.relhasoids",
                          "s_1.null_frac",
                          "s_1.avg_width"
                        ],
                        "Sort Key": [
                          "tbl.relname",
                          "tbl.oid",
                          "tbl.reltuples",
                          "tbl.relpages",
                          "(COALESCE(toast.relpages, 0))",
                          "(COALESCE(toast.reltuples, '0'::real))",
                          "(COALESCE(((\"substring\"(array_to_string(tbl.reloptions, ' '::text), 'fillfactor=([0-9]+)'::text))::smallint)::integer, 100))",
                          "tbl.relhasoids"
                        ],
                        "Sort Method": "quicksort",
                        "Sort Space Used": 163,
                        "Sort Space Type": "Memory",
                        "Shared Hit Blocks": 1755,
                        "Shared Read Blocks": 0,
                        "Shared Dirtied Blocks": 0,
                        "Shared Written Blocks": 0,
                        "Local Hit Blocks": 0,
                        "Local Read Blocks": 0,
                        "Local Dirtied Blocks": 0,
                        "Local Written Blocks": 0,
                        "Temp Read Blocks": 0,
                        "Temp Written Blocks": 0,
                        "Plans": [
                          {
                            "Node Type": "Nested Loop",
                            "Parent Relationship": "Outer",
                            "Parallel Aware": false,
                            "Join Type": "Left",
                            "Startup Cost": 21.53,
                            "Total Cost": 158.65,
                            "Plan Rows": 68,
                            "Plan Width": 197,
                            "Actual Startup Time": 4.752,
                            "Actual Total Time": 33.21,
                            "Actual Rows": 522,
                            "Actual Loops": 1,
                            "Output": [
                              "tbl.oid",
                              "ns.nspname",
                              "tbl.relname",
                              "tbl.reltuples",
                              "tbl.relpages",
                              "COALESCE(toast.relpages, 0)",
                              "COALESCE(toast.reltuples, '0'::real)",
                              "COALESCE(((\"substring\"(array_to_string(tbl.reloptions, ' '::text), 'fillfactor=([0-9]+)'::text))::smallint)::integer, 100)",
                              "(current_setting('block_size'::text))::numeric",
                              "CASE WHEN ((version() ~ 'mingw32'::text) OR (version() ~ '64-bit|x86_64|ppc64|ia64|amd64'::text)) THEN 8 ELSE 4 END",
                              "tbl.relhasoids",
                              "s_1.null_frac",
                              "s_1.avg_width"
                            ],
                            "Inner Unique": false,
                            "Join Filter": "((s_1.schemaname = ns.nspname) AND (s_1.tablename = tbl.relname) AND (s_1.attname = att.attname))",
                            "Rows Removed by Join Filter": 190165,
                            "Shared Hit Blocks": 1741,
                            "Shared Read Blocks": 0,
                            "Shared Dirtied Blocks": 0,
                            "Shared Written Blocks": 0,
                            "Local Hit Blocks": 0,
                            "Local Read Blocks": 0,
                            "Local Dirtied Blocks": 0,
                            "Local Written Blocks": 0,
                            "Temp Read Blocks": 0,
                            "Temp Written Blocks": 0,
                            "Plans": [
                              {
                                "Node Type": "Nested Loop",
                                "Parent Relationship": "Outer",
                                "Parallel Aware": false,
                                "Join Type": "Inner",
                                "Startup Cost": 1.64,
                                "Total Cost": 76.04,
                                "Plan Rows": 68,
                                "Plan Width": 262,
                                "Actual Startup Time": 0.083,
                                "Actual Total Time": 1.493,
                                "Actual Rows": 522,
                                "Actual Loops": 1,
                                "Output": [
                                  "att.attname",
                                  "tbl.oid",
                                  "tbl.relname",
                                  "tbl.reltuples",
                                  "tbl.relpages",
                                  "tbl.reloptions",
                                  "tbl.relhasoids",
                                  "ns.nspname",
                                  "toast.relpages",
                                  "toast.reltuples"
                                ],
                                "Inner Unique": false,
                                "Shared Hit Blocks": 351,
                                "Shared Read Blocks": 0,
                                "Shared Dirtied Blocks": 0,
                                "Shared Written Blocks": 0,
                                "Local Hit Blocks": 0,
                                "Local Read Blocks": 0,
                                "Local Dirtied Blocks": 0,
                                "Local Written Blocks": 0,
                                "Temp Read Blocks": 0,
                                "Temp Written Blocks": 0,
                                "Plans": [
                                  {
                                    "Node Type": "Nested Loop",
                                    "Parent Relationship": "Outer",
                                    "Parallel Aware": false,
                                    "Join Type": "Left",
                                    "Startup Cost": 1.36,
                                    "Total Cost": 32.29,
                                    "Plan Rows": 12,
                                    "Plan Width": 198,
                                    "Actual Startup Time": 0.033,
                                    "Actual Total Time": 0.576,
                                    "Actual Rows": 62,
                                    "Actual Loops": 1,
                                    "Output": [
                                      "tbl.oid",
                                      "tbl.relname",
                                      "tbl.reltuples",
                                      "tbl.relpages",
                                      "tbl.reloptions",
                                      "tbl.relhasoids",
                                      "ns.nspname",
                                      "toast.relpages",
                                      "toast.reltuples"
                                    ],
                                    "Inner Unique": true,
                                    "Shared Hit Blocks": 149,
                                    "Shared Read Blocks": 0,
                                    "Shared Dirtied Blocks": 0,
                                    "Shared Written Blocks": 0,
                                    "Local Hit Blocks": 0,
                                    "Local Read Blocks": 0,
                                    "Local Dirtied Blocks": 0,
                                    "Local Written Blocks": 0,
                                    "Temp Read Blocks": 0,
                                    "Temp Written Blocks": 0,
                                    "Plans": [
                                      {
                                        "Node Type": "Hash Join",
                                        "Parent Relationship": "Outer",
                                        "Parallel Aware": false,
                                        "Join Type": "Inner",
                                        "Startup Cost": 1.09,
                                        "Total Cost": 17.68,
                                        "Plan Rows": 12,
                                        "Plan Width": 194,
                                        "Actual Startup Time": 0.023,
                                        "Actual Total Time": 0.32,
                                        "Actual Rows": 62,
                                        "Actual Loops": 1,
                                        "Output": [
                                          "tbl.oid",
                                          "tbl.relname",
                                          "tbl.reltuples",
                                          "tbl.relpages",
                                          "tbl.reloptions",
                                          "tbl.relhasoids",
                                          "tbl.reltoastrelid",
                                          "ns.nspname"
                                        ],
                                        "Inner Unique": true,
                                        "Hash Cond": "(tbl.relnamespace = ns.oid)",
                                        "Shared Hit Blocks": 13,
                                        "Shared Read Blocks": 0,
                                        "Shared Dirtied Blocks": 0,
                                        "Shared Written Blocks": 0,
                                        "Local Hit Blocks": 0,
                                        "Local Read Blocks": 0,
                                        "Local Dirtied Blocks": 0,
                                        "Local Written Blocks": 0,
                                        "Temp Read Blocks": 0,
                                        "Temp Written Blocks": 0,
                                        "Plans": [
                                          {
                                            "Node Type": "Seq Scan",
                                            "Parent Relationship": "Outer",
                                            "Parallel Aware": false,
                                            "Relation Name": "pg_class",
                                            "Schema": "pg_catalog",
                                            "Alias": "tbl",
                                            "Startup Cost": 0.0,
                                            "Total Cost": 16.27,
                                            "Plan Rows": 69,
                                            "Plan Width": 134,
                                            "Actual Startup Time": 0.005,
                                            "Actual Total Time": 0.235,
                                            "Actual Rows": 71,
                                            "Actual Loops": 1,
                                            "Output": [
                                              "tbl.oid",
                                              "tbl.relname",
                                              "tbl.reltuples",
                                              "tbl.relpages",
                                              "tbl.reloptions",
                                              "tbl.relhasoids",
                                              "tbl.relnamespace",
                                              "tbl.reltoastrelid"
                                            ],
                                            "Filter": "(tbl.relkind = 'r'::\"char\")",
                                            "Rows Removed by Filter": 277,
                                            "Shared Hit Blocks": 12,
                                            "Shared Read Blocks": 0,
                                            "Shared Dirtied Blocks": 0,
                                            "Shared Written Blocks": 0,
                                            "Local Hit Blocks": 0,
                                            "Local Read Blocks": 0,
                                            "Local Dirtied Blocks": 0,
                                            "Local Written Blocks": 0,
                                            "Temp Read Blocks": 0,
                                            "Temp Written Blocks": 0
                                          },
                                          {
                                            "Node Type": "Hash",
                                            "Parent Relationship": "Inner",
                                            "Parallel Aware": false,
                                            "Startup Cost": 1.07,
                                            "Total Cost": 1.07,
                                            "Plan Rows": 1,
                                            "Plan Width": 68,
                                            "Actual Startup Time": 0.007,
                                            "Actual Total Time": 0.007,
                                            "Actual Rows": 1,
                                            "Actual Loops": 1,
                                            "Output": ["ns.nspname", "ns.oid"],
                                            "Hash Buckets": 1024,
                                            "Original Hash Buckets": 1024,
                                            "Hash Batches": 1,
                                            "Original Hash Batches": 1,
                                            "Peak Memory Usage": 9,
                                            "Shared Hit Blocks": 1,
                                            "Shared Read Blocks": 0,
                                            "Shared Dirtied Blocks": 0,
                                            "Shared Written Blocks": 0,
                                            "Local Hit Blocks": 0,
                                            "Local Read Blocks": 0,
                                            "Local Dirtied Blocks": 0,
                                            "Local Written Blocks": 0,
                                            "Temp Read Blocks": 0,
                                            "Temp Written Blocks": 0,
                                            "Plans": [
                                              {
                                                "Node Type": "Seq Scan",
                                                "Parent Relationship": "Outer",
                                                "Parallel Aware": false,
                                                "Relation Name": "pg_namespace",
                                                "Schema": "pg_catalog",
                                                "Alias": "ns",
                                                "Startup Cost": 0.0,
                                                "Total Cost": 1.07,
                                                "Plan Rows": 1,
                                                "Plan Width": 68,
                                                "Actual Startup Time": 0.003,
                                                "Actual Total Time": 0.003,
                                                "Actual Rows": 1,
                                                "Actual Loops": 1,
                                                "Output": [
                                                  "ns.nspname",
                                                  "ns.oid"
                                                ],
                                                "Filter": "(ns.nspname = 'pg_catalog'::name)",
                                                "Rows Removed by Filter": 6,
                                                "Shared Hit Blocks": 1,
                                                "Shared Read Blocks": 0,
                                                "Shared Dirtied Blocks": 0,
                                                "Shared Written Blocks": 0,
                                                "Local Hit Blocks": 0,
                                                "Local Read Blocks": 0,
                                                "Local Dirtied Blocks": 0,
                                                "Local Written Blocks": 0,
                                                "Temp Read Blocks": 0,
                                                "Temp Written Blocks": 0
                                              }
                                            ]
                                          }
                                        ]
                                      },
                                      {
                                        "Node Type": "Index Scan",
                                        "Parent Relationship": "Inner",
                                        "Parallel Aware": false,
                                        "Scan Direction": "Forward",
                                        "Index Name": "pg_class_oid_index",
                                        "Relation Name": "pg_class",
                                        "Schema": "pg_catalog",
                                        "Alias": "toast",
                                        "Startup Cost": 0.27,
                                        "Total Cost": 1.22,
                                        "Plan Rows": 1,
                                        "Plan Width": 12,
                                        "Actual Startup Time": 0.003,
                                        "Actual Total Time": 0.003,
                                        "Actual Rows": 0,
                                        "Actual Loops": 62,
                                        "Output": [
                                          "toast.relpages",
                                          "toast.reltuples",
                                          "toast.oid"
                                        ],
                                        "Index Cond": "(tbl.reltoastrelid = toast.oid)",
                                        "Rows Removed by Index Recheck": 0,
                                        "Shared Hit Blocks": 136,
                                        "Shared Read Blocks": 0,
                                        "Shared Dirtied Blocks": 0,
                                        "Shared Written Blocks": 0,
                                        "Local Hit Blocks": 0,
                                        "Local Read Blocks": 0,
                                        "Local Dirtied Blocks": 0,
                                        "Local Written Blocks": 0,
                                        "Temp Read Blocks": 0,
                                        "Temp Written Blocks": 0
                                      }
                                    ]
                                  },
                                  {
                                    "Node Type": "Index Scan",
                                    "Parent Relationship": "Inner",
                                    "Parallel Aware": false,
                                    "Scan Direction": "Forward",
                                    "Index Name": "pg_attribute_relid_attnum_index",
                                    "Relation Name": "pg_attribute",
                                    "Schema": "pg_catalog",
                                    "Alias": "att",
                                    "Startup Cost": 0.28,
                                    "Total Cost": 3.59,
                                    "Plan Rows": 6,
                                    "Plan Width": 68,
                                    "Actual Startup Time": 0.006,
                                    "Actual Total Time": 0.013,
                                    "Actual Rows": 8,
                                    "Actual Loops": 62,
                                    "Output": [
                                      "att.attrelid",
                                      "att.attname",
                                      "att.atttypid",
                                      "att.attstattarget",
                                      "att.attlen",
                                      "att.attnum",
                                      "att.attndims",
                                      "att.attcacheoff",
                                      "att.atttypmod",
                                      "att.attbyval",
                                      "att.attstorage",
                                      "att.attalign",
                                      "att.attnotnull",
                                      "att.atthasdef",
                                      "att.atthasmissing",
                                      "att.attidentity",
                                      "att.attisdropped",
                                      "att.attislocal",
                                      "att.attinhcount",
                                      "att.attcollation",
                                      "att.attacl",
                                      "att.attoptions",
                                      "att.attfdwoptions",
                                      "att.attmissingval"
                                    ],
                                    "Index Cond": "((att.attrelid = tbl.oid) AND (att.attnum > 0))",
                                    "Rows Removed by Index Recheck": 0,
                                    "Filter": "(NOT att.attisdropped)",
                                    "Rows Removed by Filter": 0,
                                    "Shared Hit Blocks": 202,
                                    "Shared Read Blocks": 0,
                                    "Shared Dirtied Blocks": 0,
                                    "Shared Written Blocks": 0,
                                    "Local Hit Blocks": 0,
                                    "Local Read Blocks": 0,
                                    "Local Dirtied Blocks": 0,
                                    "Local Written Blocks": 0,
                                    "Temp Read Blocks": 0,
                                    "Temp Written Blocks": 0
                                  }
                                ]
                              },
                              {
                                "Node Type": "Materialize",
                                "Parent Relationship": "Inner",
                                "Parallel Aware": false,
                                "Startup Cost": 19.89,
                                "Total Cost": 79.21,
                                "Plan Rows": 1,
                                "Plan Width": 200,
                                "Actual Startup Time": 0.001,
                                "Actual Total Time": 0.021,
                                "Actual Rows": 365,
                                "Actual Loops": 522,
                                "Output": [
                                  "s_1.null_frac",
                                  "s_1.avg_width",
                                  "s_1.schemaname",
                                  "s_1.tablename",
                                  "s_1.attname"
                                ],
                                "Shared Hit Blocks": 1390,
                                "Shared Read Blocks": 0,
                                "Shared Dirtied Blocks": 0,
                                "Shared Written Blocks": 0,
                                "Local Hit Blocks": 0,
                                "Local Read Blocks": 0,
                                "Local Dirtied Blocks": 0,
                                "Local Written Blocks": 0,
                                "Temp Read Blocks": 0,
                                "Temp Written Blocks": 0,
                                "Plans": [
                                  {
                                    "Node Type": "Subquery Scan",
                                    "Parent Relationship": "Outer",
                                    "Parallel Aware": false,
                                    "Alias": "s_1",
                                    "Startup Cost": 19.89,
                                    "Total Cost": 79.2,
                                    "Plan Rows": 1,
                                    "Plan Width": 200,
                                    "Actual Startup Time": 0.464,
                                    "Actual Total Time": 4.067,
                                    "Actual Rows": 365,
                                    "Actual Loops": 1,
                                    "Output": [
                                      "s_1.null_frac",
                                      "s_1.avg_width",
                                      "s_1.schemaname",
                                      "s_1.tablename",
                                      "s_1.attname"
                                    ],
                                    "Shared Hit Blocks": 1390,
                                    "Shared Read Blocks": 0,
                                    "Shared Dirtied Blocks": 0,
                                    "Shared Written Blocks": 0,
                                    "Local Hit Blocks": 0,
                                    "Local Read Blocks": 0,
                                    "Local Dirtied Blocks": 0,
                                    "Local Written Blocks": 0,
                                    "Temp Read Blocks": 0,
                                    "Temp Written Blocks": 0,
                                    "Plans": [
                                      {
                                        "Node Type": "Nested Loop",
                                        "Parent Relationship": "Subquery",
                                        "Parallel Aware": false,
                                        "Join Type": "Inner",
                                        "Startup Cost": 19.89,
                                        "Total Cost": 79.19,
                                        "Plan Rows": 1,
                                        "Plan Width": 401,
                                        "Actual Startup Time": 0.459,
                                        "Actual Total Time": 4.022,
                                        "Actual Rows": 365,
                                        "Actual Loops": 1,
                                        "Output": [
                                          "n_1.nspname",
                                          "c_2.relname",
                                          "a.attname",
                                          "NULL::boolean",
                                          "s_2.stanullfrac",
                                          "s_2.stawidth",
                                          "NULL::real",
                                          "NULL::anyarray",
                                          "NULL::real[]",
                                          "NULL::anyarray",
                                          "NULL::real",
                                          "NULL::anyarray",
                                          "NULL::real[]",
                                          "NULL::real[]"
                                        ],
                                        "Inner Unique": true,
                                        "Join Filter": "(s_2.staattnum = a.attnum)",
                                        "Rows Removed by Join Filter": 5375,
                                        "Shared Hit Blocks": 1390,
                                        "Shared Read Blocks": 0,
                                        "Shared Dirtied Blocks": 0,
                                        "Shared Written Blocks": 0,
                                        "Local Hit Blocks": 0,
                                        "Local Read Blocks": 0,
                                        "Local Dirtied Blocks": 0,
                                        "Local Written Blocks": 0,
                                        "Temp Read Blocks": 0,
                                        "Temp Written Blocks": 0,
                                        "Plans": [
                                          {
                                            "Node Type": "Hash Join",
                                            "Parent Relationship": "Outer",
                                            "Parallel Aware": false,
                                            "Join Type": "Inner",
                                            "Startup Cost": 19.61,
                                            "Total Cost": 40.66,
                                            "Plan Rows": 33,
                                            "Plan Width": 146,
                                            "Actual Startup Time": 0.365,
                                            "Actual Total Time": 0.749,
                                            "Actual Rows": 365,
                                            "Actual Loops": 1,
                                            "Output": [
                                              "s_2.stanullfrac",
                                              "s_2.stawidth",
                                              "s_2.starelid",
                                              "s_2.staattnum",
                                              "c_2.relname",
                                              "c_2.oid",
                                              "n_1.nspname"
                                            ],
                                            "Inner Unique": false,
                                            "Hash Cond": "(s_2.starelid = c_2.oid)",
                                            "Shared Hit Blocks": 29,
                                            "Shared Read Blocks": 0,
                                            "Shared Dirtied Blocks": 0,
                                            "Shared Written Blocks": 0,
                                            "Local Hit Blocks": 0,
                                            "Local Read Blocks": 0,
                                            "Local Dirtied Blocks": 0,
                                            "Local Written Blocks": 0,
                                            "Temp Read Blocks": 0,
                                            "Temp Written Blocks": 0,
                                            "Plans": [
                                              {
                                                "Node Type": "Seq Scan",
                                                "Parent Relationship": "Outer",
                                                "Parallel Aware": false,
                                                "Relation Name": "pg_statistic",
                                                "Schema": "pg_catalog",
                                                "Alias": "s_2",
                                                "Startup Cost": 0.0,
                                                "Total Cost": 19.98,
                                                "Plan Rows": 199,
                                                "Plan Width": 14,
                                                "Actual Startup Time": 0.011,
                                                "Actual Total Time": 0.294,
                                                "Actual Rows": 398,
                                                "Actual Loops": 1,
                                                "Output": [
                                                  "s_2.starelid",
                                                  "s_2.staattnum",
                                                  "s_2.stainherit",
                                                  "s_2.stanullfrac",
                                                  "s_2.stawidth",
                                                  "s_2.stadistinct",
                                                  "s_2.stakind1",
                                                  "s_2.stakind2",
                                                  "s_2.stakind3",
                                                  "s_2.stakind4",
                                                  "s_2.stakind5",
                                                  "s_2.staop1",
                                                  "s_2.staop2",
                                                  "s_2.staop3",
                                                  "s_2.staop4",
                                                  "s_2.staop5",
                                                  "s_2.stanumbers1",
                                                  "s_2.stanumbers2",
                                                  "s_2.stanumbers3",
                                                  "s_2.stanumbers4",
                                                  "s_2.stanumbers5",
                                                  "s_2.stavalues1",
                                                  "s_2.stavalues2",
                                                  "s_2.stavalues3",
                                                  "s_2.stavalues4",
                                                  "s_2.stavalues5"
                                                ],
                                                "Filter": "(NOT s_2.stainherit)",
                                                "Rows Removed by Filter": 0,
                                                "Shared Hit Blocks": 16,
                                                "Shared Read Blocks": 0,
                                                "Shared Dirtied Blocks": 0,
                                                "Shared Written Blocks": 0,
                                                "Local Hit Blocks": 0,
                                                "Local Read Blocks": 0,
                                                "Local Dirtied Blocks": 0,
                                                "Local Written Blocks": 0,
                                                "Temp Read Blocks": 0,
                                                "Temp Written Blocks": 0
                                              },
                                              {
                                                "Node Type": "Hash",
                                                "Parent Relationship": "Inner",
                                                "Parallel Aware": false,
                                                "Startup Cost": 18.89,
                                                "Total Cost": 18.89,
                                                "Plan Rows": 57,
                                                "Plan Width": 132,
                                                "Actual Startup Time": 0.313,
                                                "Actual Total Time": 0.313,
                                                "Actual Rows": 237,
                                                "Actual Loops": 1,
                                                "Output": [
                                                  "c_2.relname",
                                                  "c_2.oid",
                                                  "n_1.nspname"
                                                ],
                                                "Hash Buckets": 1024,
                                                "Original Hash Buckets": 1024,
                                                "Hash Batches": 1,
                                                "Original Hash Batches": 1,
                                                "Peak Memory Usage": 46,
                                                "Shared Hit Blocks": 13,
                                                "Shared Read Blocks": 0,
                                                "Shared Dirtied Blocks": 0,
                                                "Shared Written Blocks": 0,
                                                "Local Hit Blocks": 0,
                                                "Local Read Blocks": 0,
                                                "Local Dirtied Blocks": 0,
                                                "Local Written Blocks": 0,
                                                "Temp Read Blocks": 0,
                                                "Temp Written Blocks": 0,
                                                "Plans": [
                                                  {
                                                    "Node Type": "Hash Join",
                                                    "Parent Relationship": "Outer",
                                                    "Parallel Aware": false,
                                                    "Join Type": "Inner",
                                                    "Startup Cost": 1.09,
                                                    "Total Cost": 18.89,
                                                    "Plan Rows": 57,
                                                    "Plan Width": 132,
                                                    "Actual Startup Time": 0.074,
                                                    "Actual Total Time": 0.216,
                                                    "Actual Rows": 237,
                                                    "Actual Loops": 1,
                                                    "Output": [
                                                      "c_2.relname",
                                                      "c_2.oid",
                                                      "n_1.nspname"
                                                    ],
                                                    "Inner Unique": true,
                                                    "Hash Cond": "(c_2.relnamespace = n_1.oid)",
                                                    "Shared Hit Blocks": 13,
                                                    "Shared Read Blocks": 0,
                                                    "Shared Dirtied Blocks": 0,
                                                    "Shared Written Blocks": 0,
                                                    "Local Hit Blocks": 0,
                                                    "Local Read Blocks": 0,
                                                    "Local Dirtied Blocks": 0,
                                                    "Local Written Blocks": 0,
                                                    "Temp Read Blocks": 0,
                                                    "Temp Written Blocks": 0,
                                                    "Plans": [
                                                      {
                                                        "Node Type": "Seq Scan",
                                                        "Parent Relationship": "Outer",
                                                        "Parallel Aware": false,
                                                        "Relation Name": "pg_class",
                                                        "Schema": "pg_catalog",
                                                        "Alias": "c_2",
                                                        "Startup Cost": 0.0,
                                                        "Total Cost": 16.27,
                                                        "Plan Rows": 342,
                                                        "Plan Width": 72,
                                                        "Actual Startup Time": 0.006,
                                                        "Actual Total Time": 0.106,
                                                        "Actual Rows": 348,
                                                        "Actual Loops": 1,
                                                        "Output": [
                                                          "c_2.relname",
                                                          "c_2.oid",
                                                          "c_2.relnamespace"
                                                        ],
                                                        "Filter": "((NOT c_2.relrowsecurity) OR (NOT row_security_active(c_2.oid)))",
                                                        "Rows Removed by Filter": 0,
                                                        "Shared Hit Blocks": 12,
                                                        "Shared Read Blocks": 0,
                                                        "Shared Dirtied Blocks": 0,
                                                        "Shared Written Blocks": 0,
                                                        "Local Hit Blocks": 0,
                                                        "Local Read Blocks": 0,
                                                        "Local Dirtied Blocks": 0,
                                                        "Local Written Blocks": 0,
                                                        "Temp Read Blocks": 0,
                                                        "Temp Written Blocks": 0
                                                      },
                                                      {
                                                        "Node Type": "Hash",
                                                        "Parent Relationship": "Inner",
                                                        "Parallel Aware": false,
                                                        "Startup Cost": 1.07,
                                                        "Total Cost": 1.07,
                                                        "Plan Rows": 1,
                                                        "Plan Width": 68,
                                                        "Actual Startup Time": 0.018,
                                                        "Actual Total Time": 0.018,
                                                        "Actual Rows": 1,
                                                        "Actual Loops": 1,
                                                        "Output": [
                                                          "n_1.nspname",
                                                          "n_1.oid"
                                                        ],
                                                        "Hash Buckets": 1024,
                                                        "Original Hash Buckets": 1024,
                                                        "Hash Batches": 1,
                                                        "Original Hash Batches": 1,
                                                        "Peak Memory Usage": 9,
                                                        "Shared Hit Blocks": 1,
                                                        "Shared Read Blocks": 0,
                                                        "Shared Dirtied Blocks": 0,
                                                        "Shared Written Blocks": 0,
                                                        "Local Hit Blocks": 0,
                                                        "Local Read Blocks": 0,
                                                        "Local Dirtied Blocks": 0,
                                                        "Local Written Blocks": 0,
                                                        "Temp Read Blocks": 0,
                                                        "Temp Written Blocks": 0,
                                                        "Plans": [
                                                          {
                                                            "Node Type": "Seq Scan",
                                                            "Parent Relationship": "Outer",
                                                            "Parallel Aware": false,
                                                            "Relation Name": "pg_namespace",
                                                            "Schema": "pg_catalog",
                                                            "Alias": "n_1",
                                                            "Startup Cost": 0.0,
                                                            "Total Cost": 1.07,
                                                            "Plan Rows": 1,
                                                            "Plan Width": 68,
                                                            "Actual Startup Time": 0.007,
                                                            "Actual Total Time": 0.008,
                                                            "Actual Rows": 1,
                                                            "Actual Loops": 1,
                                                            "Output": [
                                                              "n_1.nspname",
                                                              "n_1.oid"
                                                            ],
                                                            "Filter": "(n_1.nspname = 'pg_catalog'::name)",
                                                            "Rows Removed by Filter": 6,
                                                            "Shared Hit Blocks": 1,
                                                            "Shared Read Blocks": 0,
                                                            "Shared Dirtied Blocks": 0,
                                                            "Shared Written Blocks": 0,
                                                            "Local Hit Blocks": 0,
                                                            "Local Read Blocks": 0,
                                                            "Local Dirtied Blocks": 0,
                                                            "Local Written Blocks": 0,
                                                            "Temp Read Blocks": 0,
                                                            "Temp Written Blocks": 0
                                                          }
                                                        ]
                                                      }
                                                    ]
                                                  }
                                                ]
                                              }
                                            ]
                                          },
                                          {
                                            "Node Type": "Index Scan",
                                            "Parent Relationship": "Inner",
                                            "Parallel Aware": false,
                                            "Scan Direction": "Forward",
                                            "Index Name": "pg_attribute_relid_attnum_index",
                                            "Relation Name": "pg_attribute",
                                            "Schema": "pg_catalog",
                                            "Alias": "a",
                                            "Startup Cost": 0.28,
                                            "Total Cost": 1.13,
                                            "Plan Rows": 3,
                                            "Plan Width": 70,
                                            "Actual Startup Time": 0.002,
                                            "Actual Total Time": 0.008,
                                            "Actual Rows": 16,
                                            "Actual Loops": 365,
                                            "Output": [
                                              "a.attrelid",
                                              "a.attname",
                                              "a.atttypid",
                                              "a.attstattarget",
                                              "a.attlen",
                                              "a.attnum",
                                              "a.attndims",
                                              "a.attcacheoff",
                                              "a.atttypmod",
                                              "a.attbyval",
                                              "a.attstorage",
                                              "a.attalign",
                                              "a.attnotnull",
                                              "a.atthasdef",
                                              "a.atthasmissing",
                                              "a.attidentity",
                                              "a.attisdropped",
                                              "a.attislocal",
                                              "a.attinhcount",
                                              "a.attcollation",
                                              "a.attacl",
                                              "a.attoptions",
                                              "a.attfdwoptions",
                                              "a.attmissingval"
                                            ],
                                            "Index Cond": "(a.attrelid = c_2.oid)",
                                            "Rows Removed by Index Recheck": 0,
                                            "Filter": "((NOT a.attisdropped) AND has_column_privilege(c_2.oid, a.attnum, 'select'::text))",
                                            "Rows Removed by Filter": 0,
                                            "Shared Hit Blocks": 1361,
                                            "Shared Read Blocks": 0,
                                            "Shared Dirtied Blocks": 0,
                                            "Shared Written Blocks": 0,
                                            "Local Hit Blocks": 0,
                                            "Local Read Blocks": 0,
                                            "Local Dirtied Blocks": 0,
                                            "Local Written Blocks": 0,
                                            "Temp Read Blocks": 0,
                                            "Temp Written Blocks": 0
                                          }
                                        ]
                                      }
                                    ]
                                  }
                                ]
                              }
                            ]
                          }
                        ]
                      }
                    ]
                  }
                ]
              }
            ]
          }
        ]
      },
      {
        "Node Type": "Hash",
        "Parent Relationship": "Inner",
        "Parallel Aware": false,
        "Startup Cost": 183.33,
        "Total Cost": 183.33,
        "Plan Rows": 1,
        "Plan Width": 136,
        "Actual Startup Time": 190.33,
        "Actual Total Time": 190.33,
        "Actual Rows": 36,
        "Actual Loops": 1,
        "Output": [
          "(sum((CASE WHEN ((q.relpages)::double precision > COALESCE(('1'::double precision + ceil((q.reltuples / floor((((((((current_setting('block_size'::text))::numeric) - ((16))::numeric) - ((24))::numeric) * (q.fillfactor)::numeric))::double precision / ('100'::double precision * (('4'::numeric + ((((((((CASE WHEN (max(COALESCE(s_3.stanullfrac, '0'::real)) = '0'::double precision) THEN 2 ELSE 6 END) + (CASE WHEN ((version() ~ 'mingw32'::text) OR (version() ~ '64-bit|x86_64|ppc64|ia64|amd64'::text)) THEN 8 ELSE 4 END)) - CASE WHEN (((CASE WHEN (max(COALESCE(s_3.stanullfrac, '0'::real)) = '0'::double precision) THEN 2 ELSE 6 END) % (CASE WHEN ((version() ~ 'mingw32'::text) OR (version() ~ '64-bit|x86_64|ppc64|ia64|amd64'::text)) THEN 8 ELSE 4 END)) = 0) THEN (CASE WHEN ((version() ~ 'mingw32'::text) OR (version() ~ '64-bit|x86_64|ppc64|ia64|amd64'::text)) THEN 8 ELSE 4 END) ELSE ((CASE WHEN (max(COALESCE(s_3.stanullfrac, '0'::real)) = '0'::double precision) THEN 2 ELSE 6 END) % (CASE WHEN ((version() ~ 'mingw32'::text) OR (version() ~ '64-bit|x86_64|ppc64|ia64|amd64'::text)) THEN 8 ELSE 4 END)) END))::double precision + (sum((('1'::double precision - COALESCE(s_3.stanullfrac, '0'::real)) * (COALESCE(s_3.stawidth, 1024))::double precision)))) + ((CASE WHEN ((version() ~ 'mingw32'::text) OR (version() ~ '64-bit|x86_64|ppc64|ia64|amd64'::text)) THEN 8 ELSE 4 END))::double precision) - (CASE WHEN ((sum((('1'::double precision - COALESCE(s_3.stanullfrac, '0'::real)) * (COALESCE(s_3.stawidth, 1024))::double precision))) = '0'::double precision) THEN 0 WHEN ((((sum((('1'::double precision - COALESCE(s_3.stanullfrac, '0'::real)) * (COALESCE(s_3.stawidth, 1024))::double precision))))::integer % (CASE WHEN ((version() ~ 'mingw32'::text) OR (version() ~ '64-bit|x86_64|ppc64|ia64|amd64'::text)) THEN 8 ELSE 4 END)) = 0) THEN (CASE WHEN ((version() ~ 'mingw32'::text) OR (version() ~ '64-bit|x86_64|ppc64|ia64|amd64'::text)) THEN 8 ELSE 4 END) ELSE (((sum((('1'::double precision - COALESCE(s_3.stanullfrac, '0'::real)) * (COALESCE(s_3.stawidth, 1024))::double precision))))::integer % (CASE WHEN ((version() ~ 'mingw32'::text) OR (version() ~ '64-bit|x86_64|ppc64|ia64|amd64'::text)) THEN 8 ELSE 4 END)) END)::double precision))::numeric))::double precision)))))), '0'::double precision)) THEN ((((current_setting('block_size'::text))::numeric))::double precision * ((q.relpages)::double precision - COALESCE(('1'::double precision + ceil((q.reltuples / floor((((((((current_setting('block_size'::text))::numeric) - ((16))::numeric) - ((24))::numeric) * (q.fillfactor)::numeric))::double precision / ('100'::double precision * (('4'::numeric + ((((((((CASE WHEN (max(COALESCE(s_3.stanullfrac, '0'::real)) = '0'::double precision) THEN 2 ELSE 6 END) + (CASE WHEN ((version() ~ 'mingw32'::text) OR (version() ~ '64-bit|x86_64|ppc64|ia64|amd64'::text)) THEN 8 ELSE 4 END)) - CASE WHEN (((CASE WHEN (max(COALESCE(s_3.stanullfrac, '0'::real)) = '0'::double precision) THEN 2 ELSE 6 END) % (CASE WHEN ((version() ~ 'mingw32'::text) OR (version() ~ '64-bit|x86_64|ppc64|ia64|amd64'::text)) THEN 8 ELSE 4 END)) = 0) THEN (CASE WHEN ((version() ~ 'mingw32'::text) OR (version() ~ '64-bit|x86_64|ppc64|ia64|amd64'::text)) THEN 8 ELSE 4 END) ELSE ((CASE WHEN (max(COALESCE(s_3.stanullfrac, '0'::real)) = '0'::double precision) THEN 2 ELSE 6 END) % (CASE WHEN ((version() ~ 'mingw32'::text) OR (version() ~ '64-bit|x86_64|ppc64|ia64|amd64'::text)) THEN 8 ELSE 4 END)) END))::double precision + (sum((('1'::double precision - COALESCE(s_3.stanullfrac, '0'::real)) * (COALESCE(s_3.stawidth, 1024))::double precision)))) + ((CASE WHEN ((version() ~ 'mingw32'::text) OR (version() ~ '64-bit|x86_64|ppc64|ia64|amd64'::text)) THEN 8 ELSE 4 END))::double precision) - (CASE WHEN ((sum((('1'::double precision - COALESCE(s_3.stanullfrac, '0'::real)) * (COALESCE(s_3.stawidth, 1024))::double precision))) = '0'::double precision) THEN 0 WHEN ((((sum((('1'::double precision - COALESCE(s_3.stanullfrac, '0'::real)) * (COALESCE(s_3.stawidth, 1024))::double precision))))::integer % (CASE WHEN ((version() ~ 'mingw32'::text) OR (version() ~ '64-bit|x86_64|ppc64|ia64|amd64'::text)) THEN 8 ELSE 4 END)) = 0) THEN (CASE WHEN ((version() ~ 'mingw32'::text) OR (version() ~ '64-bit|x86_64|ppc64|ia64|amd64'::text)) THEN 8 ELSE 4 END) ELSE (((sum((('1'::double precision - COALESCE(s_3.stanullfrac, '0'::real)) * (COALESCE(s_3.stawidth, 1024))::double precision))))::integer % (CASE WHEN ((version() ~ 'mingw32'::text) OR (version() ~ '64-bit|x86_64|ppc64|ia64|amd64'::text)) THEN 8 ELSE 4 END)) END)::double precision))::numeric))::double precision)))))), '0'::double precision))) ELSE '0'::double precision END)))",
          "q.nspname",
          "q.tblname"
        ],
        "Hash Buckets": 1024,
        "Original Hash Buckets": 1024,
        "Hash Batches": 1,
        "Original Hash Batches": 1,
        "Peak Memory Usage": 14,
        "Shared Hit Blocks": 215652,
        "Shared Read Blocks": 0,
        "Shared Dirtied Blocks": 0,
        "Shared Written Blocks": 0,
        "Local Hit Blocks": 0,
        "Local Read Blocks": 0,
        "Local Dirtied Blocks": 0,
        "Local Written Blocks": 0,
        "Temp Read Blocks": 0,
        "Temp Written Blocks": 0,
        "Plans": [
          {
            "Node Type": "Aggregate",
            "Strategy": "Sorted",
            "Partial Mode": "Simple",
            "Parent Relationship": "Outer",
            "Parallel Aware": false,
            "Startup Cost": 181.95,
            "Total Cost": 183.32,
            "Plan Rows": 1,
            "Plan Width": 136,
            "Actual Startup Time": 190.008,
            "Actual Total Time": 190.312,
            "Actual Rows": 36,
            "Actual Loops": 1,
            "Output": [
              "sum((CASE WHEN ((q.relpages)::double precision > COALESCE(('1'::double precision + ceil((q.reltuples / floor((((((((current_setting('block_size'::text))::numeric) - ((16))::numeric) - ((24))::numeric) * (q.fillfactor)::numeric))::double precision / ('100'::double precision * (('4'::numeric + ((((((((CASE WHEN (max(COALESCE(s_3.stanullfrac, '0'::real)) = '0'::double precision) THEN 2 ELSE 6 END) + (CASE WHEN ((version() ~ 'mingw32'::text) OR (version() ~ '64-bit|x86_64|ppc64|ia64|amd64'::text)) THEN 8 ELSE 4 END)) - CASE WHEN (((CASE WHEN (max(COALESCE(s_3.stanullfrac, '0'::real)) = '0'::double precision) THEN 2 ELSE 6 END) % (CASE WHEN ((version() ~ 'mingw32'::text) OR (version() ~ '64-bit|x86_64|ppc64|ia64|amd64'::text)) THEN 8 ELSE 4 END)) = 0) THEN (CASE WHEN ((version() ~ 'mingw32'::text) OR (version() ~ '64-bit|x86_64|ppc64|ia64|amd64'::text)) THEN 8 ELSE 4 END) ELSE ((CASE WHEN (max(COALESCE(s_3.stanullfrac, '0'::real)) = '0'::double precision) THEN 2 ELSE 6 END) % (CASE WHEN ((version() ~ 'mingw32'::text) OR (version() ~ '64-bit|x86_64|ppc64|ia64|amd64'::text)) THEN 8 ELSE 4 END)) END))::double precision + (sum((('1'::double precision - COALESCE(s_3.stanullfrac, '0'::real)) * (COALESCE(s_3.stawidth, 1024))::double precision)))) + ((CASE WHEN ((version() ~ 'mingw32'::text) OR (version() ~ '64-bit|x86_64|ppc64|ia64|amd64'::text)) THEN 8 ELSE 4 END))::double precision) - (CASE WHEN ((sum((('1'::double precision - COALESCE(s_3.stanullfrac, '0'::real)) * (COALESCE(s_3.stawidth, 1024))::double precision))) = '0'::double precision) THEN 0 WHEN ((((sum((('1'::double precision - COALESCE(s_3.stanullfrac, '0'::real)) * (COALESCE(s_3.stawidth, 1024))::double precision))))::integer % (CASE WHEN ((version() ~ 'mingw32'::text) OR (version() ~ '64-bit|x86_64|ppc64|ia64|amd64'::text)) THEN 8 ELSE 4 END)) = 0) THEN (CASE WHEN ((version() ~ 'mingw32'::text) OR (version() ~ '64-bit|x86_64|ppc64|ia64|amd64'::text)) THEN 8 ELSE 4 END) ELSE (((sum((('1'::double precision - COALESCE(s_3.stanullfrac, '0'::real)) * (COALESCE(s_3.stawidth, 1024))::double precision))))::integer % (CASE WHEN ((version() ~ 'mingw32'::text) OR (version() ~ '64-bit|x86_64|ppc64|ia64|amd64'::text)) THEN 8 ELSE 4 END)) END)::double precision))::numeric))::double precision)))))), '0'::double precision)) THEN ((((current_setting('block_size'::text))::numeric))::double precision * ((q.relpages)::double precision - COALESCE(('1'::double precision + ceil((q.reltuples / floor((((((((current_setting('block_size'::text))::numeric) - ((16))::numeric) - ((24))::numeric) * (q.fillfactor)::numeric))::double precision / ('100'::double precision * (('4'::numeric + ((((((((CASE WHEN (max(COALESCE(s_3.stanullfrac, '0'::real)) = '0'::double precision) THEN 2 ELSE 6 END) + (CASE WHEN ((version() ~ 'mingw32'::text) OR (version() ~ '64-bit|x86_64|ppc64|ia64|amd64'::text)) THEN 8 ELSE 4 END)) - CASE WHEN (((CASE WHEN (max(COALESCE(s_3.stanullfrac, '0'::real)) = '0'::double precision) THEN 2 ELSE 6 END) % (CASE WHEN ((version() ~ 'mingw32'::text) OR (version() ~ '64-bit|x86_64|ppc64|ia64|amd64'::text)) THEN 8 ELSE 4 END)) = 0) THEN (CASE WHEN ((version() ~ 'mingw32'::text) OR (version() ~ '64-bit|x86_64|ppc64|ia64|amd64'::text)) THEN 8 ELSE 4 END) ELSE ((CASE WHEN (max(COALESCE(s_3.stanullfrac, '0'::real)) = '0'::double precision) THEN 2 ELSE 6 END) % (CASE WHEN ((version() ~ 'mingw32'::text) OR (version() ~ '64-bit|x86_64|ppc64|ia64|amd64'::text)) THEN 8 ELSE 4 END)) END))::double precision + (sum((('1'::double precision - COALESCE(s_3.stanullfrac, '0'::real)) * (COALESCE(s_3.stawidth, 1024))::double precision)))) + ((CASE WHEN ((version() ~ 'mingw32'::text) OR (version() ~ '64-bit|x86_64|ppc64|ia64|amd64'::text)) THEN 8 ELSE 4 END))::double precision) - (CASE WHEN ((sum((('1'::double precision - COALESCE(s_3.stanullfrac, '0'::real)) * (COALESCE(s_3.stawidth, 1024))::double precision))) = '0'::double precision) THEN 0 WHEN ((((sum((('1'::double precision - COALESCE(s_3.stanullfrac, '0'::real)) * (COALESCE(s_3.stawidth, 1024))::double precision))))::integer % (CASE WHEN ((version() ~ 'mingw32'::text) OR (version() ~ '64-bit|x86_64|ppc64|ia64|amd64'::text)) THEN 8 ELSE 4 END)) = 0) THEN (CASE WHEN ((version() ~ 'mingw32'::text) OR (version() ~ '64-bit|x86_64|ppc64|ia64|amd64'::text)) THEN 8 ELSE 4 END) ELSE (((sum((('1'::double precision - COALESCE(s_3.stanullfrac, '0'::real)) * (COALESCE(s_3.stawidth, 1024))::double precision))))::integer % (CASE WHEN ((version() ~ 'mingw32'::text) OR (version() ~ '64-bit|x86_64|ppc64|ia64|amd64'::text)) THEN 8 ELSE 4 END)) END)::double precision))::numeric))::double precision)))))), '0'::double precision))) ELSE '0'::double precision END))",
              "q.nspname",
              "q.tblname"
            ],
            "Group Key": ["q.nspname", "q.tblname"],
            "Shared Hit Blocks": 215652,
            "Shared Read Blocks": 0,
            "Shared Dirtied Blocks": 0,
            "Shared Written Blocks": 0,
            "Local Hit Blocks": 0,
            "Local Read Blocks": 0,
            "Local Dirtied Blocks": 0,
            "Local Written Blocks": 0,
            "Temp Read Blocks": 0,
            "Temp Written Blocks": 0,
            "Plans": [
              {
                "Node Type": "Nested Loop",
                "Parent Relationship": "Outer",
                "Parallel Aware": false,
                "Join Type": "Inner",
                "Startup Cost": 181.95,
                "Total Cost": 183.3,
                "Plan Rows": 1,
                "Plan Width": 349,
                "Actual Startup Time": 189.991,
                "Actual Total Time": 190.29,
                "Actual Rows": 47,
                "Actual Loops": 1,
                "Output": [
                  "NULL::name",
                  "q.nspname",
                  "q.tblname",
                  "q.idxname",
                  "NULL::numeric",
                  "NULL::numeric",
                  "NULL::double precision",
                  "NULL::integer",
                  "CASE WHEN ((q.relpages)::double precision > COALESCE(('1'::double precision + ceil((q.reltuples / floor((((((((current_setting('block_size'::text))::numeric) - ((16))::numeric) - ((24))::numeric) * (q.fillfactor)::numeric))::double precision / ('100'::double precision * (('4'::numeric + ((((((((CASE WHEN (max(COALESCE(s_3.stanullfrac, '0'::real)) = '0'::double precision) THEN 2 ELSE 6 END) + (CASE WHEN ((version() ~ 'mingw32'::text) OR (version() ~ '64-bit|x86_64|ppc64|ia64|amd64'::text)) THEN 8 ELSE 4 END)) - CASE WHEN (((CASE WHEN (max(COALESCE(s_3.stanullfrac, '0'::real)) = '0'::double precision) THEN 2 ELSE 6 END) % (CASE WHEN ((version() ~ 'mingw32'::text) OR (version() ~ '64-bit|x86_64|ppc64|ia64|amd64'::text)) THEN 8 ELSE 4 END)) = 0) THEN (CASE WHEN ((version() ~ 'mingw32'::text) OR (version() ~ '64-bit|x86_64|ppc64|ia64|amd64'::text)) THEN 8 ELSE 4 END) ELSE ((CASE WHEN (max(COALESCE(s_3.stanullfrac, '0'::real)) = '0'::double precision) THEN 2 ELSE 6 END) % (CASE WHEN ((version() ~ 'mingw32'::text) OR (version() ~ '64-bit|x86_64|ppc64|ia64|amd64'::text)) THEN 8 ELSE 4 END)) END))::double precision + (sum((('1'::double precision - COALESCE(s_3.stanullfrac, '0'::real)) * (COALESCE(s_3.stawidth, 1024))::double precision)))) + ((CASE WHEN ((version() ~ 'mingw32'::text) OR (version() ~ '64-bit|x86_64|ppc64|ia64|amd64'::text)) THEN 8 ELSE 4 END))::double precision) - (CASE WHEN ((sum((('1'::double precision - COALESCE(s_3.stanullfrac, '0'::real)) * (COALESCE(s_3.stawidth, 1024))::double precision))) = '0'::double precision) THEN 0 WHEN ((((sum((('1'::double precision - COALESCE(s_3.stanullfrac, '0'::real)) * (COALESCE(s_3.stawidth, 1024))::double precision))))::integer % (CASE WHEN ((version() ~ 'mingw32'::text) OR (version() ~ '64-bit|x86_64|ppc64|ia64|amd64'::text)) THEN 8 ELSE 4 END)) = 0) THEN (CASE WHEN ((version() ~ 'mingw32'::text) OR (version() ~ '64-bit|x86_64|ppc64|ia64|amd64'::text)) THEN 8 ELSE 4 END) ELSE (((sum((('1'::double precision - COALESCE(s_3.stanullfrac, '0'::real)) * (COALESCE(s_3.stawidth, 1024))::double precision))))::integer % (CASE WHEN ((version() ~ 'mingw32'::text) OR (version() ~ '64-bit|x86_64|ppc64|ia64|amd64'::text)) THEN 8 ELSE 4 END)) END)::double precision))::numeric))::double precision)))))), '0'::double precision)) THEN ((((current_setting('block_size'::text))::numeric))::double precision * ((q.relpages)::double precision - COALESCE(('1'::double precision + ceil((q.reltuples / floor((((((((current_setting('block_size'::text))::numeric) - ((16))::numeric) - ((24))::numeric) * (q.fillfactor)::numeric))::double precision / ('100'::double precision * (('4'::numeric + ((((((((CASE WHEN (max(COALESCE(s_3.stanullfrac, '0'::real)) = '0'::double precision) THEN 2 ELSE 6 END) + (CASE WHEN ((version() ~ 'mingw32'::text) OR (version() ~ '64-bit|x86_64|ppc64|ia64|amd64'::text)) THEN 8 ELSE 4 END)) - CASE WHEN (((CASE WHEN (max(COALESCE(s_3.stanullfrac, '0'::real)) = '0'::double precision) THEN 2 ELSE 6 END) % (CASE WHEN ((version() ~ 'mingw32'::text) OR (version() ~ '64-bit|x86_64|ppc64|ia64|amd64'::text)) THEN 8 ELSE 4 END)) = 0) THEN (CASE WHEN ((version() ~ 'mingw32'::text) OR (version() ~ '64-bit|x86_64|ppc64|ia64|amd64'::text)) THEN 8 ELSE 4 END) ELSE ((CASE WHEN (max(COALESCE(s_3.stanullfrac, '0'::real)) = '0'::double precision) THEN 2 ELSE 6 END) % (CASE WHEN ((version() ~ 'mingw32'::text) OR (version() ~ '64-bit|x86_64|ppc64|ia64|amd64'::text)) THEN 8 ELSE 4 END)) END))::double precision + (sum((('1'::double precision - COALESCE(s_3.stanullfrac, '0'::real)) * (COALESCE(s_3.stawidth, 1024))::double precision)))) + ((CASE WHEN ((version() ~ 'mingw32'::text) OR (version() ~ '64-bit|x86_64|ppc64|ia64|amd64'::text)) THEN 8 ELSE 4 END))::double precision) - (CASE WHEN ((sum((('1'::double precision - COALESCE(s_3.stanullfrac, '0'::real)) * (COALESCE(s_3.stawidth, 1024))::double precision))) = '0'::double precision) THEN 0 WHEN ((((sum((('1'::double precision - COALESCE(s_3.stanullfrac, '0'::real)) * (COALESCE(s_3.stawidth, 1024))::double precision))))::integer % (CASE WHEN ((version() ~ 'mingw32'::text) OR (version() ~ '64-bit|x86_64|ppc64|ia64|amd64'::text)) THEN 8 ELSE 4 END)) = 0) THEN (CASE WHEN ((version() ~ 'mingw32'::text) OR (version() ~ '64-bit|x86_64|ppc64|ia64|amd64'::text)) THEN 8 ELSE 4 END) ELSE (((sum((('1'::double precision - COALESCE(s_3.stanullfrac, '0'::real)) * (COALESCE(s_3.stawidth, 1024))::double precision))))::integer % (CASE WHEN ((version() ~ 'mingw32'::text) OR (version() ~ '64-bit|x86_64|ppc64|ia64|amd64'::text)) THEN 8 ELSE 4 END)) END)::double precision))::numeric))::double precision)))))), '0'::double precision))) ELSE '0'::double precision END",
                  "NULL::double precision",
                  "NULL::boolean"
                ],
                "Inner Unique": true,
                "Join Filter": "(q.relam = am.oid)",
                "Rows Removed by Join Filter": 0,
                "Shared Hit Blocks": 215652,
                "Shared Read Blocks": 0,
                "Shared Dirtied Blocks": 0,
                "Shared Written Blocks": 0,
                "Local Hit Blocks": 0,
                "Local Read Blocks": 0,
                "Local Dirtied Blocks": 0,
                "Local Written Blocks": 0,
                "Temp Read Blocks": 0,
                "Temp Written Blocks": 0,
                "Plans": [
                  {
                    "Node Type": "Aggregate",
                    "Strategy": "Sorted",
                    "Partial Mode": "Simple",
                    "Parent Relationship": "Outer",
                    "Parallel Aware": false,
                    "Startup Cost": 181.95,
                    "Total Cost": 182.02,
                    "Plan Rows": 1,
                    "Plan Width": 269,
                    "Actual Startup Time": 189.969,
                    "Actual Total Time": 190.143,
                    "Actual Rows": 47,
                    "Actual Loops": 1,
                    "Output": [
                      "q.nspname",
                      "q.tblname",
                      "q.idxname",
                      "q.reltuples",
                      "q.relpages",
                      "q.relam",
                      "q.attrelid",
                      "((current_setting('block_size'::text))::numeric)",
                      "q.fillfactor",
                      "CASE WHEN ((version() ~ 'mingw32'::text) OR (version() ~ '64-bit|x86_64|ppc64|ia64|amd64'::text)) THEN 8 ELSE 4 END",
                      "24",
                      "16",
                      "CASE WHEN (max(COALESCE(s_3.stanullfrac, '0'::real)) = '0'::double precision) THEN 2 ELSE 6 END",
                      "sum((('1'::double precision - COALESCE(s_3.stanullfrac, '0'::real)) * (COALESCE(s_3.stawidth, 1024))::double precision))",
                      "NULL::boolean"
                    ],
                    "Group Key": [
                      "q.nspname",
                      "q.tblname",
                      "q.idxname",
                      "q.reltuples",
                      "q.relpages",
                      "q.relam",
                      "q.attrelid",
                      "((current_setting('block_size'::text))::numeric)",
                      "q.fillfactor"
                    ],
                    "Shared Hit Blocks": 215605,
                    "Shared Read Blocks": 0,
                    "Shared Dirtied Blocks": 0,
                    "Shared Written Blocks": 0,
                    "Local Hit Blocks": 0,
                    "Local Read Blocks": 0,
                    "Local Dirtied Blocks": 0,
                    "Local Written Blocks": 0,
                    "Temp Read Blocks": 0,
                    "Temp Written Blocks": 0,
                    "Plans": [
                      {
                        "Node Type": "Sort",
                        "Parent Relationship": "Outer",
                        "Parallel Aware": false,
                        "Startup Cost": 181.95,
                        "Total Cost": 181.95,
                        "Plan Rows": 1,
                        "Plan Width": 252,
                        "Actual Startup Time": 189.921,
                        "Actual Total Time": 189.926,
                        "Actual Rows": 100,
                        "Actual Loops": 1,
                        "Output": [
                          "q.nspname",
                          "q.tblname",
                          "q.idxname",
                          "q.reltuples",
                          "q.relpages",
                          "q.relam",
                          "q.attrelid",
                          "((current_setting('block_size'::text))::numeric)",
                          "q.fillfactor",
                          "s_3.stanullfrac",
                          "s_3.stawidth"
                        ],
                        "Sort Key": [
                          "q.tblname",
                          "q.idxname",
                          "q.reltuples",
                          "q.relpages",
                          "q.relam",
                          "q.attrelid",
                          "q.fillfactor"
                        ],
                        "Sort Method": "quicksort",
                        "Sort Space Used": 51,
                        "Sort Space Type": "Memory",
                        "Shared Hit Blocks": 215605,
                        "Shared Read Blocks": 0,
                        "Shared Dirtied Blocks": 0,
                        "Shared Written Blocks": 0,
                        "Local Hit Blocks": 0,
                        "Local Read Blocks": 0,
                        "Local Dirtied Blocks": 0,
                        "Local Written Blocks": 0,
                        "Temp Read Blocks": 0,
                        "Temp Written Blocks": 0,
                        "Plans": [
                          {
                            "Node Type": "Nested Loop",
                            "Parent Relationship": "Outer",
                            "Parallel Aware": false,
                            "Join Type": "Inner",
                            "Startup Cost": 93.79,
                            "Total Cost": 181.94,
                            "Plan Rows": 1,
                            "Plan Width": 252,
                            "Actual Startup Time": 2.371,
                            "Actual Total Time": 189.594,
                            "Actual Rows": 100,
                            "Actual Loops": 1,
                            "Output": [
                              "q.nspname",
                              "q.tblname",
                              "q.idxname",
                              "q.reltuples",
                              "q.relpages",
                              "q.relam",
                              "q.attrelid",
                              "(current_setting('block_size'::text))::numeric",
                              "q.fillfactor",
                              "s_3.stanullfrac",
                              "s_3.stawidth"
                            ],
                            "Inner Unique": true,
                            "Shared Hit Blocks": 215605,
                            "Shared Read Blocks": 0,
                            "Shared Dirtied Blocks": 0,
                            "Shared Written Blocks": 0,
                            "Local Hit Blocks": 0,
                            "Local Read Blocks": 0,
                            "Local Dirtied Blocks": 0,
                            "Local Written Blocks": 0,
                            "Temp Read Blocks": 0,
                            "Temp Written Blocks": 0,
                            "Plans": [
                              {
                                "Node Type": "Nested Loop",
                                "Parent Relationship": "Outer",
                                "Parallel Aware": false,
                                "Join Type": "Inner",
                                "Startup Cost": 93.65,
                                "Total Cost": 177.74,
                                "Plan Rows": 1,
                                "Plan Width": 224,
                                "Actual Startup Time": 2.26,
                                "Actual Total Time": 188.458,
                                "Actual Rows": 100,
                                "Actual Loops": 1,
                                "Output": [
                                  "q.nspname",
                                  "q.tblname",
                                  "q.idxname",
                                  "q.reltuples",
                                  "q.relpages",
                                  "q.relam",
                                  "q.attrelid",
                                  "q.fillfactor",
                                  "q.atttypid",
                                  "s_3.stanullfrac",
                                  "s_3.stawidth"
                                ],
                                "Inner Unique": false,
                                "Join Filter": "(((c_3.relname = q.tblname) AND ((a_1.attname)::text = pg_get_indexdef(q.attrelid, (q.attnum)::integer, true))) OR ((c_3.relname = q.idxname) AND (a_1.attname = q.attname)))",
                                "Rows Removed by Join Filter": 70345,
                                "Shared Hit Blocks": 215504,
                                "Shared Read Blocks": 0,
                                "Shared Dirtied Blocks": 0,
                                "Shared Written Blocks": 0,
                                "Local Hit Blocks": 0,
                                "Local Read Blocks": 0,
                                "Local Dirtied Blocks": 0,
                                "Local Written Blocks": 0,
                                "Temp Read Blocks": 0,
                                "Temp Written Blocks": 0,
                                "Plans": [
                                  {
                                    "Node Type": "CTE Scan",
                                    "Parent Relationship": "Outer",
                                    "Parallel Aware": false,
                                    "CTE Name": "q",
                                    "Alias": "q",
                                    "Startup Cost": 73.76,
                                    "Total Cost": 76.03,
                                    "Plan Rows": 1,
                                    "Plan Width": 453,
                                    "Actual Startup Time": 0.663,
                                    "Actual Total Time": 4.145,
                                    "Actual Rows": 193,
                                    "Actual Loops": 1,
                                    "Output": [
                                      "q.nspname",
                                      "q.tblname",
                                      "q.idxname",
                                      "q.reltuples",
                                      "q.relpages",
                                      "q.relam",
                                      "NULL::oid",
                                      "NULL::oid",
                                      "q.fillfactor",
                                      "q.attrelid",
                                      "q.attname",
                                      "q.atttypid",
                                      "NULL::integer",
                                      "NULL::smallint",
                                      "q.attnum",
                                      "NULL::integer",
                                      "NULL::integer",
                                      "NULL::integer",
                                      "NULL::boolean",
                                      "NULL::\"char\"",
                                      "NULL::\"char\"",
                                      "NULL::boolean",
                                      "NULL::boolean",
                                      "NULL::boolean",
                                      "NULL::\"char\"",
                                      "NULL::boolean",
                                      "NULL::boolean",
                                      "NULL::integer",
                                      "NULL::oid",
                                      "NULL::aclitem[]",
                                      "NULL::text[]",
                                      "NULL::text[]",
                                      "NULL::anyarray"
                                    ],
                                    "Filter": "(q.nspname = 'pg_catalog'::name)",
                                    "Rows Removed by Filter": 0,
                                    "Shared Hit Blocks": 380,
                                    "Shared Read Blocks": 0,
                                    "Shared Dirtied Blocks": 0,
                                    "Shared Written Blocks": 0,
                                    "Local Hit Blocks": 0,
                                    "Local Read Blocks": 0,
                                    "Local Dirtied Blocks": 0,
                                    "Local Written Blocks": 0,
                                    "Temp Read Blocks": 0,
                                    "Temp Written Blocks": 0,
                                    "Plans": [
                                      {
                                        "Node Type": "Nested Loop",
                                        "Parent Relationship": "InitPlan",
                                        "Subplan Name": "CTE q",
                                        "Parallel Aware": false,
                                        "Join Type": "Inner",
                                        "Startup Cost": 25.29,
                                        "Total Cost": 73.76,
                                        "Plan Rows": 101,
                                        "Plan Width": 454,
                                        "Actual Startup Time": 0.643,
                                        "Actual Total Time": 2.855,
                                        "Actual Rows": 193,
                                        "Actual Loops": 1,
                                        "Output": [
                                          "pg_namespace.nspname",
                                          "tbl_1.relname",
                                          "idx.relname",
                                          "idx.reltuples",
                                          "idx.relpages",
                                          "idx.relam",
                                          "pg_index.indrelid",
                                          "pg_index.indexrelid",
                                          "COALESCE(((\"substring\"(array_to_string(idx.reloptions, ' '::text), 'fillfactor=([0-9]+)'::text))::smallint)::integer, 90)",
                                          "a_2.attrelid",
                                          "a_2.attname",
                                          "a_2.atttypid",
                                          "a_2.attstattarget",
                                          "a_2.attlen",
                                          "a_2.attnum",
                                          "a_2.attndims",
                                          "a_2.attcacheoff",
                                          "a_2.atttypmod",
                                          "a_2.attbyval",
                                          "a_2.attstorage",
                                          "a_2.attalign",
                                          "a_2.attnotnull",
                                          "a_2.atthasdef",
                                          "a_2.atthasmissing",
                                          "a_2.attidentity",
                                          "a_2.attisdropped",
                                          "a_2.attislocal",
                                          "a_2.attinhcount",
                                          "a_2.attcollation",
                                          "a_2.attacl",
                                          "a_2.attoptions",
                                          "a_2.attfdwoptions",
                                          "a_2.attmissingval"
                                        ],
                                        "Inner Unique": false,
                                        "Join Filter": "(idx.oid = a_2.attrelid)",
                                        "Rows Removed by Join Filter": 0,
                                        "Shared Hit Blocks": 380,
                                        "Shared Read Blocks": 0,
                                        "Shared Dirtied Blocks": 0,
                                        "Shared Written Blocks": 0,
                                        "Local Hit Blocks": 0,
                                        "Local Read Blocks": 0,
                                        "Local Dirtied Blocks": 0,
                                        "Local Written Blocks": 0,
                                        "Temp Read Blocks": 0,
                                        "Temp Written Blocks": 0,
                                        "Plans": [
                                          {
                                            "Node Type": "Hash Join",
                                            "Parent Relationship": "Outer",
                                            "Parallel Aware": false,
                                            "Join Type": "Inner",
                                            "Startup Cost": 25.01,
                                            "Total Cost": 42.13,
                                            "Plan Rows": 17,
                                            "Plan Width": 265,
                                            "Actual Startup Time": 0.604,
                                            "Actual Total Time": 1.613,
                                            "Actual Rows": 116,
                                            "Actual Loops": 1,
                                            "Output": [
                                              "pg_index.indrelid",
                                              "pg_index.indexrelid",
                                              "idx.relname",
                                              "idx.reltuples",
                                              "idx.relpages",
                                              "idx.relam",
                                              "idx.reloptions",
                                              "idx.oid",
                                              "tbl_1.relname",
                                              "pg_namespace.nspname"
                                            ],
                                            "Inner Unique": true,
                                            "Hash Cond": "(idx.relnamespace = pg_namespace.oid)",
                                            "Shared Hit Blocks": 29,
                                            "Shared Read Blocks": 0,
                                            "Shared Dirtied Blocks": 0,
                                            "Shared Written Blocks": 0,
                                            "Local Hit Blocks": 0,
                                            "Local Read Blocks": 0,
                                            "Local Dirtied Blocks": 0,
                                            "Local Written Blocks": 0,
                                            "Temp Read Blocks": 0,
                                            "Temp Written Blocks": 0,
                                            "Plans": [
                                              {
                                                "Node Type": "Hash Join",
                                                "Parent Relationship": "Outer",
                                                "Parallel Aware": false,
                                                "Join Type": "Inner",
                                                "Startup Cost": 23.87,
                                                "Total Cost": 40.92,
                                                "Plan Rows": 17,
                                                "Plan Width": 205,
                                                "Actual Startup Time": 0.534,
                                                "Actual Total Time": 1.282,
                                                "Actual Rows": 116,
                                                "Actual Loops": 1,
                                                "Output": [
                                                  "pg_index.indrelid",
                                                  "pg_index.indexrelid",
                                                  "idx.relname",
                                                  "idx.reltuples",
                                                  "idx.relpages",
                                                  "idx.relam",
                                                  "idx.reloptions",
                                                  "idx.oid",
                                                  "idx.relnamespace",
                                                  "tbl_1.relname"
                                                ],
                                                "Inner Unique": false,
                                                "Hash Cond": "(idx.oid = pg_index.indexrelid)",
                                                "Shared Hit Blocks": 28,
                                                "Shared Read Blocks": 0,
                                                "Shared Dirtied Blocks": 0,
                                                "Shared Written Blocks": 0,
                                                "Local Hit Blocks": 0,
                                                "Local Read Blocks": 0,
                                                "Local Dirtied Blocks": 0,
                                                "Local Written Blocks": 0,
                                                "Temp Read Blocks": 0,
                                                "Temp Written Blocks": 0,
                                                "Plans": [
                                                  {
                                                    "Node Type": "Seq Scan",
                                                    "Parent Relationship": "Outer",
                                                    "Parallel Aware": false,
                                                    "Relation Name": "pg_class",
                                                    "Schema": "pg_catalog",
                                                    "Alias": "idx",
                                                    "Startup Cost": 0.0,
                                                    "Total Cost": 16.27,
                                                    "Plan Rows": 161,
                                                    "Plan Width": 133,
                                                    "Actual Startup Time": 0.013,
                                                    "Actual Total Time": 0.407,
                                                    "Actual Rows": 182,
                                                    "Actual Loops": 1,
                                                    "Output": [
                                                      "idx.relname",
                                                      "idx.reltuples",
                                                      "idx.relpages",
                                                      "idx.relam",
                                                      "idx.reloptions",
                                                      "idx.oid",
                                                      "idx.relnamespace"
                                                    ],
                                                    "Filter": "(idx.relpages > 0)",
                                                    "Rows Removed by Filter": 166,
                                                    "Shared Hit Blocks": 12,
                                                    "Shared Read Blocks": 0,
                                                    "Shared Dirtied Blocks": 0,
                                                    "Shared Written Blocks": 0,
                                                    "Local Hit Blocks": 0,
                                                    "Local Read Blocks": 0,
                                                    "Local Dirtied Blocks": 0,
                                                    "Local Written Blocks": 0,
                                                    "Temp Read Blocks": 0,
                                                    "Temp Written Blocks": 0
                                                  },
                                                  {
                                                    "Node Type": "Hash",
                                                    "Parent Relationship": "Inner",
                                                    "Parallel Aware": false,
                                                    "Startup Cost": 23.42,
                                                    "Total Cost": 23.42,
                                                    "Plan Rows": 36,
                                                    "Plan Width": 72,
                                                    "Actual Startup Time": 0.441,
                                                    "Actual Total Time": 0.442,
                                                    "Actual Rows": 116,
                                                    "Actual Loops": 1,
                                                    "Output": [
                                                      "pg_index.indrelid",
                                                      "pg_index.indexrelid",
                                                      "tbl_1.relname"
                                                    ],
                                                    "Hash Buckets": 1024,
                                                    "Original Hash Buckets": 1024,
                                                    "Hash Batches": 1,
                                                    "Original Hash Batches": 1,
                                                    "Peak Memory Usage": 20,
                                                    "Shared Hit Blocks": 16,
                                                    "Shared Read Blocks": 0,
                                                    "Shared Dirtied Blocks": 0,
                                                    "Shared Written Blocks": 0,
                                                    "Local Hit Blocks": 0,
                                                    "Local Read Blocks": 0,
                                                    "Local Dirtied Blocks": 0,
                                                    "Local Written Blocks": 0,
                                                    "Temp Read Blocks": 0,
                                                    "Temp Written Blocks": 0,
                                                    "Plans": [
                                                      {
                                                        "Node Type": "Hash Join",
                                                        "Parent Relationship": "Outer",
                                                        "Parallel Aware": false,
                                                        "Join Type": "Inner",
                                                        "Startup Cost": 17.14,
                                                        "Total Cost": 23.42,
                                                        "Plan Rows": 36,
                                                        "Plan Width": 72,
                                                        "Actual Startup Time": 0.266,
                                                        "Actual Total Time": 0.378,
                                                        "Actual Rows": 116,
                                                        "Actual Loops": 1,
                                                        "Output": [
                                                          "pg_index.indrelid",
                                                          "pg_index.indexrelid",
                                                          "tbl_1.relname"
                                                        ],
                                                        "Inner Unique": true,
                                                        "Hash Cond": "(pg_index.indrelid = tbl_1.oid)",
                                                        "Shared Hit Blocks": 16,
                                                        "Shared Read Blocks": 0,
                                                        "Shared Dirtied Blocks": 0,
                                                        "Shared Written Blocks": 0,
                                                        "Local Hit Blocks": 0,
                                                        "Local Read Blocks": 0,
                                                        "Local Dirtied Blocks": 0,
                                                        "Local Written Blocks": 0,
                                                        "Temp Read Blocks": 0,
                                                        "Temp Written Blocks": 0,
                                                        "Plans": [
                                                          {
                                                            "Node Type": "Seq Scan",
                                                            "Parent Relationship": "Outer",
                                                            "Parallel Aware": false,
                                                            "Relation Name": "pg_index",
                                                            "Schema": "pg_catalog",
                                                            "Alias": "pg_index",
                                                            "Startup Cost": 0.0,
                                                            "Total Cost": 5.8,
                                                            "Plan Rows": 180,
                                                            "Plan Width": 8,
                                                            "Actual Startup Time": 0.003,
                                                            "Actual Total Time": 0.073,
                                                            "Actual Rows": 137,
                                                            "Actual Loops": 1,
                                                            "Output": [
                                                              "pg_index.indexrelid",
                                                              "pg_index.indrelid",
                                                              "pg_index.indnatts",
                                                              "pg_index.indnkeyatts",
                                                              "pg_index.indisunique",
                                                              "pg_index.indisprimary",
                                                              "pg_index.indisexclusion",
                                                              "pg_index.indimmediate",
                                                              "pg_index.indisclustered",
                                                              "pg_index.indisvalid",
                                                              "pg_index.indcheckxmin",
                                                              "pg_index.indisready",
                                                              "pg_index.indislive",
                                                              "pg_index.indisreplident",
                                                              "pg_index.indkey",
                                                              "pg_index.indcollation",
                                                              "pg_index.indclass",
                                                              "pg_index.indoption",
                                                              "pg_index.indexprs",
                                                              "pg_index.indpred"
                                                            ],
                                                            "Filter": "pg_index.indisvalid",
                                                            "Rows Removed by Filter": 0,
                                                            "Shared Hit Blocks": 4,
                                                            "Shared Read Blocks": 0,
                                                            "Shared Dirtied Blocks": 0,
                                                            "Shared Written Blocks": 0,
                                                            "Local Hit Blocks": 0,
                                                            "Local Read Blocks": 0,
                                                            "Local Dirtied Blocks": 0,
                                                            "Local Written Blocks": 0,
                                                            "Temp Read Blocks": 0,
                                                            "Temp Written Blocks": 0
                                                          },
                                                          {
                                                            "Node Type": "Hash",
                                                            "Parent Relationship": "Inner",
                                                            "Parallel Aware": false,
                                                            "Startup Cost": 16.27,
                                                            "Total Cost": 16.27,
                                                            "Plan Rows": 69,
                                                            "Plan Width": 68,
                                                            "Actual Startup Time": 0.229,
                                                            "Actual Total Time": 0.229,
                                                            "Actual Rows": 71,
                                                            "Actual Loops": 1,
                                                            "Output": [
                                                              "tbl_1.relname",
                                                              "tbl_1.oid"
                                                            ],
                                                            "Hash Buckets": 1024,
                                                            "Original Hash Buckets": 1024,
                                                            "Hash Batches": 1,
                                                            "Original Hash Batches": 1,
                                                            "Peak Memory Usage": 15,
                                                            "Shared Hit Blocks": 12,
                                                            "Shared Read Blocks": 0,
                                                            "Shared Dirtied Blocks": 0,
                                                            "Shared Written Blocks": 0,
                                                            "Local Hit Blocks": 0,
                                                            "Local Read Blocks": 0,
                                                            "Local Dirtied Blocks": 0,
                                                            "Local Written Blocks": 0,
                                                            "Temp Read Blocks": 0,
                                                            "Temp Written Blocks": 0,
                                                            "Plans": [
                                                              {
                                                                "Node Type": "Seq Scan",
                                                                "Parent Relationship": "Outer",
                                                                "Parallel Aware": false,
                                                                "Relation Name": "pg_class",
                                                                "Schema": "pg_catalog",
                                                                "Alias": "tbl_1",
                                                                "Startup Cost": 0.0,
                                                                "Total Cost": 16.27,
                                                                "Plan Rows": 69,
                                                                "Plan Width": 68,
                                                                "Actual Startup Time": 0.01,
                                                                "Actual Total Time": 0.182,
                                                                "Actual Rows": 71,
                                                                "Actual Loops": 1,
                                                                "Output": [
                                                                  "tbl_1.relname",
                                                                  "tbl_1.oid"
                                                                ],
                                                                "Filter": "(tbl_1.relkind = 'r'::\"char\")",
                                                                "Rows Removed by Filter": 277,
                                                                "Shared Hit Blocks": 12,
                                                                "Shared Read Blocks": 0,
                                                                "Shared Dirtied Blocks": 0,
                                                                "Shared Written Blocks": 0,
                                                                "Local Hit Blocks": 0,
                                                                "Local Read Blocks": 0,
                                                                "Local Dirtied Blocks": 0,
                                                                "Local Written Blocks": 0,
                                                                "Temp Read Blocks": 0,
                                                                "Temp Written Blocks": 0
                                                              }
                                                            ]
                                                          }
                                                        ]
                                                      }
                                                    ]
                                                  }
                                                ]
                                              },
                                              {
                                                "Node Type": "Hash",
                                                "Parent Relationship": "Inner",
                                                "Parallel Aware": false,
                                                "Startup Cost": 1.06,
                                                "Total Cost": 1.06,
                                                "Plan Rows": 6,
                                                "Plan Width": 68,
                                                "Actual Startup Time": 0.037,
                                                "Actual Total Time": 0.037,
                                                "Actual Rows": 7,
                                                "Actual Loops": 1,
                                                "Output": [
                                                  "pg_namespace.nspname",
                                                  "pg_namespace.oid"
                                                ],
                                                "Hash Buckets": 1024,
                                                "Original Hash Buckets": 1024,
                                                "Hash Batches": 1,
                                                "Original Hash Batches": 1,
                                                "Peak Memory Usage": 9,
                                                "Shared Hit Blocks": 1,
                                                "Shared Read Blocks": 0,
                                                "Shared Dirtied Blocks": 0,
                                                "Shared Written Blocks": 0,
                                                "Local Hit Blocks": 0,
                                                "Local Read Blocks": 0,
                                                "Local Dirtied Blocks": 0,
                                                "Local Written Blocks": 0,
                                                "Temp Read Blocks": 0,
                                                "Temp Written Blocks": 0,
                                                "Plans": [
                                                  {
                                                    "Node Type": "Seq Scan",
                                                    "Parent Relationship": "Outer",
                                                    "Parallel Aware": false,
                                                    "Relation Name": "pg_namespace",
                                                    "Schema": "pg_catalog",
                                                    "Alias": "pg_namespace",
                                                    "Startup Cost": 0.0,
                                                    "Total Cost": 1.06,
                                                    "Plan Rows": 6,
                                                    "Plan Width": 68,
                                                    "Actual Startup Time": 0.022,
                                                    "Actual Total Time": 0.024,
                                                    "Actual Rows": 7,
                                                    "Actual Loops": 1,
                                                    "Output": [
                                                      "pg_namespace.nspname",
                                                      "pg_namespace.oid"
                                                    ],
                                                    "Shared Hit Blocks": 1,
                                                    "Shared Read Blocks": 0,
                                                    "Shared Dirtied Blocks": 0,
                                                    "Shared Written Blocks": 0,
                                                    "Local Hit Blocks": 0,
                                                    "Local Read Blocks": 0,
                                                    "Local Dirtied Blocks": 0,
                                                    "Local Written Blocks": 0,
                                                    "Temp Read Blocks": 0,
                                                    "Temp Written Blocks": 0
                                                  }
                                                ]
                                              }
                                            ]
                                          },
                                          {
                                            "Node Type": "Index Scan",
                                            "Parent Relationship": "Inner",
                                            "Parallel Aware": false,
                                            "Scan Direction": "Forward",
                                            "Index Name": "pg_attribute_relid_attnum_index",
                                            "Relation Name": "pg_attribute",
                                            "Schema": "pg_catalog",
                                            "Alias": "a_2",
                                            "Startup Cost": 0.28,
                                            "Total Cost": 1.71,
                                            "Plan Rows": 6,
                                            "Plan Width": 238,
                                            "Actual Startup Time": 0.004,
                                            "Actual Total Time": 0.005,
                                            "Actual Rows": 2,
                                            "Actual Loops": 116,
                                            "Output": [
                                              "a_2.attrelid",
                                              "a_2.attname",
                                              "a_2.atttypid",
                                              "a_2.attstattarget",
                                              "a_2.attlen",
                                              "a_2.attnum",
                                              "a_2.attndims",
                                              "a_2.attcacheoff",
                                              "a_2.atttypmod",
                                              "a_2.attbyval",
                                              "a_2.attstorage",
                                              "a_2.attalign",
                                              "a_2.attnotnull",
                                              "a_2.atthasdef",
                                              "a_2.atthasmissing",
                                              "a_2.attidentity",
                                              "a_2.attisdropped",
                                              "a_2.attislocal",
                                              "a_2.attinhcount",
                                              "a_2.attcollation",
                                              "a_2.attacl",
                                              "a_2.attoptions",
                                              "a_2.attfdwoptions",
                                              "a_2.attmissingval"
                                            ],
                                            "Index Cond": "((a_2.attrelid = pg_index.indexrelid) AND (a_2.attnum > 0))",
                                            "Rows Removed by Index Recheck": 0,
                                            "Shared Hit Blocks": 351,
                                            "Shared Read Blocks": 0,
                                            "Shared Dirtied Blocks": 0,
                                            "Shared Written Blocks": 0,
                                            "Local Hit Blocks": 0,
                                            "Local Read Blocks": 0,
                                            "Local Dirtied Blocks": 0,
                                            "Local Written Blocks": 0,
                                            "Temp Read Blocks": 0,
                                            "Temp Written Blocks": 0
                                          }
                                        ]
                                      }
                                    ]
                                  },
                                  {
                                    "Node Type": "Nested Loop",
                                    "Parent Relationship": "Inner",
                                    "Parallel Aware": false,
                                    "Join Type": "Inner",
                                    "Startup Cost": 19.89,
                                    "Total Cost": 101.67,
                                    "Plan Rows": 1,
                                    "Plan Width": 401,
                                    "Actual Startup Time": 0.008,
                                    "Actual Total Time": 0.857,
                                    "Actual Rows": 365,
                                    "Actual Loops": 193,
                                    "Output": [
                                      "n_2.nspname",
                                      "c_3.relname",
                                      "a_1.attname",
                                      "NULL::boolean",
                                      "s_3.stanullfrac",
                                      "s_3.stawidth",
                                      "NULL::real",
                                      "NULL::anyarray",
                                      "NULL::real[]",
                                      "NULL::anyarray",
                                      "NULL::real",
                                      "NULL::anyarray",
                                      "NULL::real[]",
                                      "NULL::real[]"
                                    ],
                                    "Inner Unique": true,
                                    "Join Filter": "(has_column_privilege(c_3.oid, a_1.attnum, 'select'::text) AND (c_3.oid = a_1.attrelid))",
                                    "Rows Removed by Join Filter": 0,
                                    "Shared Hit Blocks": 214436,
                                    "Shared Read Blocks": 0,
                                    "Shared Dirtied Blocks": 0,
                                    "Shared Written Blocks": 0,
                                    "Local Hit Blocks": 0,
                                    "Local Read Blocks": 0,
                                    "Local Dirtied Blocks": 0,
                                    "Local Written Blocks": 0,
                                    "Temp Read Blocks": 0,
                                    "Temp Written Blocks": 0,
                                    "Plans": [
                                      {
                                        "Node Type": "Hash Join",
                                        "Parent Relationship": "Outer",
                                        "Parallel Aware": false,
                                        "Join Type": "Inner",
                                        "Startup Cost": 19.61,
                                        "Total Cost": 41.74,
                                        "Plan Rows": 66,
                                        "Plan Width": 146,
                                        "Actual Startup Time": 0.004,
                                        "Actual Total Time": 0.157,
                                        "Actual Rows": 365,
                                        "Actual Loops": 193,
                                        "Output": [
                                          "s_3.stanullfrac",
                                          "s_3.stawidth",
                                          "s_3.starelid",
                                          "s_3.staattnum",
                                          "c_3.relname",
                                          "c_3.oid",
                                          "n_2.nspname"
                                        ],
                                        "Inner Unique": false,
                                        "Hash Cond": "(s_3.starelid = c_3.oid)",
                                        "Shared Hit Blocks": 3101,
                                        "Shared Read Blocks": 0,
                                        "Shared Dirtied Blocks": 0,
                                        "Shared Written Blocks": 0,
                                        "Local Hit Blocks": 0,
                                        "Local Read Blocks": 0,
                                        "Local Dirtied Blocks": 0,
                                        "Local Written Blocks": 0,
                                        "Temp Read Blocks": 0,
                                        "Temp Written Blocks": 0,
                                        "Plans": [
                                          {
                                            "Node Type": "Seq Scan",
                                            "Parent Relationship": "Outer",
                                            "Parallel Aware": false,
                                            "Relation Name": "pg_statistic",
                                            "Schema": "pg_catalog",
                                            "Alias": "s_3",
                                            "Startup Cost": 0.0,
                                            "Total Cost": 19.98,
                                            "Plan Rows": 398,
                                            "Plan Width": 14,
                                            "Actual Startup Time": 0.001,
                                            "Actual Total Time": 0.035,
                                            "Actual Rows": 398,
                                            "Actual Loops": 193,
                                            "Output": [
                                              "s_3.starelid",
                                              "s_3.staattnum",
                                              "s_3.stainherit",
                                              "s_3.stanullfrac",
                                              "s_3.stawidth",
                                              "s_3.stadistinct",
                                              "s_3.stakind1",
                                              "s_3.stakind2",
                                              "s_3.stakind3",
                                              "s_3.stakind4",
                                              "s_3.stakind5",
                                              "s_3.staop1",
                                              "s_3.staop2",
                                              "s_3.staop3",
                                              "s_3.staop4",
                                              "s_3.staop5",
                                              "s_3.stanumbers1",
                                              "s_3.stanumbers2",
                                              "s_3.stanumbers3",
                                              "s_3.stanumbers4",
                                              "s_3.stanumbers5",
                                              "s_3.stavalues1",
                                              "s_3.stavalues2",
                                              "s_3.stavalues3",
                                              "s_3.stavalues4",
                                              "s_3.stavalues5"
                                            ],
                                            "Shared Hit Blocks": 3088,
                                            "Shared Read Blocks": 0,
                                            "Shared Dirtied Blocks": 0,
                                            "Shared Written Blocks": 0,
                                            "Local Hit Blocks": 0,
                                            "Local Read Blocks": 0,
                                            "Local Dirtied Blocks": 0,
                                            "Local Written Blocks": 0,
                                            "Temp Read Blocks": 0,
                                            "Temp Written Blocks": 0
                                          },
                                          {
                                            "Node Type": "Hash",
                                            "Parent Relationship": "Inner",
                                            "Parallel Aware": false,
                                            "Startup Cost": 18.89,
                                            "Total Cost": 18.89,
                                            "Plan Rows": 57,
                                            "Plan Width": 132,
                                            "Actual Startup Time": 0.476,
                                            "Actual Total Time": 0.476,
                                            "Actual Rows": 237,
                                            "Actual Loops": 1,
                                            "Output": [
                                              "c_3.relname",
                                              "c_3.oid",
                                              "n_2.nspname"
                                            ],
                                            "Hash Buckets": 1024,
                                            "Original Hash Buckets": 1024,
                                            "Hash Batches": 1,
                                            "Original Hash Batches": 1,
                                            "Peak Memory Usage": 46,
                                            "Shared Hit Blocks": 13,
                                            "Shared Read Blocks": 0,
                                            "Shared Dirtied Blocks": 0,
                                            "Shared Written Blocks": 0,
                                            "Local Hit Blocks": 0,
                                            "Local Read Blocks": 0,
                                            "Local Dirtied Blocks": 0,
                                            "Local Written Blocks": 0,
                                            "Temp Read Blocks": 0,
                                            "Temp Written Blocks": 0,
                                            "Plans": [
                                              {
                                                "Node Type": "Hash Join",
                                                "Parent Relationship": "Outer",
                                                "Parallel Aware": false,
                                                "Join Type": "Inner",
                                                "Startup Cost": 1.09,
                                                "Total Cost": 18.89,
                                                "Plan Rows": 57,
                                                "Plan Width": 132,
                                                "Actual Startup Time": 0.098,
                                                "Actual Total Time": 0.355,
                                                "Actual Rows": 237,
                                                "Actual Loops": 1,
                                                "Output": [
                                                  "c_3.relname",
                                                  "c_3.oid",
                                                  "n_2.nspname"
                                                ],
                                                "Inner Unique": true,
                                                "Hash Cond": "(c_3.relnamespace = n_2.oid)",
                                                "Shared Hit Blocks": 13,
                                                "Shared Read Blocks": 0,
                                                "Shared Dirtied Blocks": 0,
                                                "Shared Written Blocks": 0,
                                                "Local Hit Blocks": 0,
                                                "Local Read Blocks": 0,
                                                "Local Dirtied Blocks": 0,
                                                "Local Written Blocks": 0,
                                                "Temp Read Blocks": 0,
                                                "Temp Written Blocks": 0,
                                                "Plans": [
                                                  {
                                                    "Node Type": "Seq Scan",
                                                    "Parent Relationship": "Outer",
                                                    "Parallel Aware": false,
                                                    "Relation Name": "pg_class",
                                                    "Schema": "pg_catalog",
                                                    "Alias": "c_3",
                                                    "Startup Cost": 0.0,
                                                    "Total Cost": 16.27,
                                                    "Plan Rows": 342,
                                                    "Plan Width": 72,
                                                    "Actual Startup Time": 0.012,
                                                    "Actual Total Time": 0.206,
                                                    "Actual Rows": 348,
                                                    "Actual Loops": 1,
                                                    "Output": [
                                                      "c_3.relname",
                                                      "c_3.oid",
                                                      "c_3.relnamespace"
                                                    ],
                                                    "Filter": "((NOT c_3.relrowsecurity) OR (NOT row_security_active(c_3.oid)))",
                                                    "Rows Removed by Filter": 0,
                                                    "Shared Hit Blocks": 12,
                                                    "Shared Read Blocks": 0,
                                                    "Shared Dirtied Blocks": 0,
                                                    "Shared Written Blocks": 0,
                                                    "Local Hit Blocks": 0,
                                                    "Local Read Blocks": 0,
                                                    "Local Dirtied Blocks": 0,
                                                    "Local Written Blocks": 0,
                                                    "Temp Read Blocks": 0,
                                                    "Temp Written Blocks": 0
                                                  },
                                                  {
                                                    "Node Type": "Hash",
                                                    "Parent Relationship": "Inner",
                                                    "Parallel Aware": false,
                                                    "Startup Cost": 1.07,
                                                    "Total Cost": 1.07,
                                                    "Plan Rows": 1,
                                                    "Plan Width": 68,
                                                    "Actual Startup Time": 0.027,
                                                    "Actual Total Time": 0.027,
                                                    "Actual Rows": 1,
                                                    "Actual Loops": 1,
                                                    "Output": [
                                                      "n_2.nspname",
                                                      "n_2.oid"
                                                    ],
                                                    "Hash Buckets": 1024,
                                                    "Original Hash Buckets": 1024,
                                                    "Hash Batches": 1,
                                                    "Original Hash Batches": 1,
                                                    "Peak Memory Usage": 9,
                                                    "Shared Hit Blocks": 1,
                                                    "Shared Read Blocks": 0,
                                                    "Shared Dirtied Blocks": 0,
                                                    "Shared Written Blocks": 0,
                                                    "Local Hit Blocks": 0,
                                                    "Local Read Blocks": 0,
                                                    "Local Dirtied Blocks": 0,
                                                    "Local Written Blocks": 0,
                                                    "Temp Read Blocks": 0,
                                                    "Temp Written Blocks": 0,
                                                    "Plans": [
                                                      {
                                                        "Node Type": "Seq Scan",
                                                        "Parent Relationship": "Outer",
                                                        "Parallel Aware": false,
                                                        "Relation Name": "pg_namespace",
                                                        "Schema": "pg_catalog",
                                                        "Alias": "n_2",
                                                        "Startup Cost": 0.0,
                                                        "Total Cost": 1.07,
                                                        "Plan Rows": 1,
                                                        "Plan Width": 68,
                                                        "Actual Startup Time": 0.021,
                                                        "Actual Total Time": 0.022,
                                                        "Actual Rows": 1,
                                                        "Actual Loops": 1,
                                                        "Output": [
                                                          "n_2.nspname",
                                                          "n_2.oid"
                                                        ],
                                                        "Filter": "(n_2.nspname = 'pg_catalog'::name)",
                                                        "Rows Removed by Filter": 6,
                                                        "Shared Hit Blocks": 1,
                                                        "Shared Read Blocks": 0,
                                                        "Shared Dirtied Blocks": 0,
                                                        "Shared Written Blocks": 0,
                                                        "Local Hit Blocks": 0,
                                                        "Local Read Blocks": 0,
                                                        "Local Dirtied Blocks": 0,
                                                        "Local Written Blocks": 0,
                                                        "Temp Read Blocks": 0,
                                                        "Temp Written Blocks": 0
                                                      }
                                                    ]
                                                  }
                                                ]
                                              }
                                            ]
                                          }
                                        ]
                                      },
                                      {
                                        "Node Type": "Index Scan",
                                        "Parent Relationship": "Inner",
                                        "Parallel Aware": false,
                                        "Scan Direction": "Forward",
                                        "Index Name": "pg_attribute_relid_attnum_index",
                                        "Relation Name": "pg_attribute",
                                        "Schema": "pg_catalog",
                                        "Alias": "a_1",
                                        "Startup Cost": 0.28,
                                        "Total Cost": 0.89,
                                        "Plan Rows": 1,
                                        "Plan Width": 70,
                                        "Actual Startup Time": 0.001,
                                        "Actual Total Time": 0.001,
                                        "Actual Rows": 1,
                                        "Actual Loops": 70445,
                                        "Output": [
                                          "a_1.attrelid",
                                          "a_1.attname",
                                          "a_1.atttypid",
                                          "a_1.attstattarget",
                                          "a_1.attlen",
                                          "a_1.attnum",
                                          "a_1.attndims",
                                          "a_1.attcacheoff",
                                          "a_1.atttypmod",
                                          "a_1.attbyval",
                                          "a_1.attstorage",
                                          "a_1.attalign",
                                          "a_1.attnotnull",
                                          "a_1.atthasdef",
                                          "a_1.atthasmissing",
                                          "a_1.attidentity",
                                          "a_1.attisdropped",
                                          "a_1.attislocal",
                                          "a_1.attinhcount",
                                          "a_1.attcollation",
                                          "a_1.attacl",
                                          "a_1.attoptions",
                                          "a_1.attfdwoptions",
                                          "a_1.attmissingval"
                                        ],
                                        "Index Cond": "((a_1.attrelid = s_3.starelid) AND (a_1.attnum = s_3.staattnum))",
                                        "Rows Removed by Index Recheck": 0,
                                        "Filter": "(NOT a_1.attisdropped)",
                                        "Rows Removed by Filter": 0,
                                        "Shared Hit Blocks": 211335,
                                        "Shared Read Blocks": 0,
                                        "Shared Dirtied Blocks": 0,
                                        "Shared Written Blocks": 0,
                                        "Local Hit Blocks": 0,
                                        "Local Read Blocks": 0,
                                        "Local Dirtied Blocks": 0,
                                        "Local Written Blocks": 0,
                                        "Temp Read Blocks": 0,
                                        "Temp Written Blocks": 0
                                      }
                                    ]
                                  }
                                ]
                              },
                              {
                                "Node Type": "Index Only Scan",
                                "Parent Relationship": "Inner",
                                "Parallel Aware": false,
                                "Scan Direction": "Forward",
                                "Index Name": "pg_type_oid_index",
                                "Relation Name": "pg_type",
                                "Schema": "pg_catalog",
                                "Alias": "t",
                                "Startup Cost": 0.15,
                                "Total Cost": 4.17,
                                "Plan Rows": 1,
                                "Plan Width": 4,
                                "Actual Startup Time": 0.005,
                                "Actual Total Time": 0.005,
                                "Actual Rows": 1,
                                "Actual Loops": 100,
                                "Output": ["t.oid"],
                                "Index Cond": "(t.oid = q.atttypid)",
                                "Rows Removed by Index Recheck": 0,
                                "Heap Fetches": 0,
                                "Shared Hit Blocks": 101,
                                "Shared Read Blocks": 0,
                                "Shared Dirtied Blocks": 0,
                                "Shared Written Blocks": 0,
                                "Local Hit Blocks": 0,
                                "Local Read Blocks": 0,
                                "Local Dirtied Blocks": 0,
                                "Local Written Blocks": 0,
                                "Temp Read Blocks": 0,
                                "Temp Written Blocks": 0
                              }
                            ]
                          }
                        ]
                      }
                    ]
                  },
                  {
                    "Node Type": "Seq Scan",
                    "Parent Relationship": "Inner",
                    "Parallel Aware": false,
                    "Relation Name": "pg_am",
                    "Schema": "pg_catalog",
                    "Alias": "am",
                    "Startup Cost": 0.0,
                    "Total Cost": 1.07,
                    "Plan Rows": 1,
                    "Plan Width": 4,
                    "Actual Startup Time": 0.0,
                    "Actual Total Time": 0.0,
                    "Actual Rows": 1,
                    "Actual Loops": 47,
                    "Output": ["am.oid"],
                    "Filter": "(am.amname = 'btree'::name)",
                    "Rows Removed by Filter": 0,
                    "Shared Hit Blocks": 47,
                    "Shared Read Blocks": 0,
                    "Shared Dirtied Blocks": 0,
                    "Shared Written Blocks": 0,
                    "Local Hit Blocks": 0,
                    "Local Read Blocks": 0,
                    "Local Dirtied Blocks": 0,
                    "Local Written Blocks": 0,
                    "Temp Read Blocks": 0,
                    "Temp Written Blocks": 0
                  }
                ]
              }
            ]
          }
        ]
      }
    ]
  }
}
