[
  {
    "Plan": {
      "Node Type": "ModifyTable",
      "Operation": "Insert",
      "Parallel Aware": false,
      "Relation Name": "emp",
      "Schema": "brut",
      "Alias": "emp",
      "Startup Cost": 0.0,
      "Total Cost": 0.01,
      "Plan Rows": 1,
      "Plan Width": 44,
      "Actual Startup Time": 0.401,
      "Actual Total Time": 0.401,
      "Actual Rows": 0,
      "Actual Loops": 1,
      "Shared Hit Blocks": 1,
      "Shared Read Blocks": 0,
      "Shared Dirtied Blocks": 0,
      "Shared Written Blocks": 0,
      "Local Hit Blocks": 0,
      "Local Read Blocks": 0,
      "Local Dirtied Blocks": 0,
      "Local Written Blocks": 0,
      "Temp Read Blocks": 0,
      "Temp Written Blocks": 0,
      "Plans": [
        {
          "Node Type": "Result",
          "Parent Relationship": "Member",
          "Parallel Aware": false,
          "Startup Cost": 0.0,
          "Total Cost": 0.01,
          "Plan Rows": 1,
          "Plan Width": 44,
          "Actual Startup Time": 0.004,
          "Actual Total Time": 0.004,
          "Actual Rows": 1,
          "Actual Loops": 1,
          "Output": ["10000", "now()", "'pouet'::text"],
          "Shared Hit Blocks": 0,
          "Shared Read Blocks": 0,
          "Shared Dirtied Blocks": 0,
          "Shared Written Blocks": 0,
          "Local Hit Blocks": 0,
          "Local Read Blocks": 0,
          "Local Dirtied Blocks": 0,
          "Local Written Blocks": 0,
          "Temp Read Blocks": 0,
          "Temp Written Blocks": 0
        }
      ]
    },
    "Planning Time": 0.049,
    "Triggers": [
      {
        "Trigger Name": "emp_stamp",
        "Relation": "emp",
        "Time": 1.565,
        "Calls": 1
      },
      {
        "Trigger Name": "emp_stamp2",
        "Relation": "emp",
        "Time": 0.106,
        "Calls": 1
      }
    ],
    "Execution Time": 2.121
  }
]
