[
  {
    "Plan": {
      "Node Type": "Aggregate",
      "Strategy": "Plain",
      "Partial Mode": "Finalize",
      "Parallel Aware": false,
      "Startup Cost": 144975.01,
      "Total Cost": 144975.02,
      "Plan Rows": 1,
      "Plan Width": 32,
      "Actual Startup Time": 484.97,
      "Actual Total Time": 484.97,
      "Actual Rows": 1,
      "Actual Loops": 1,
      "Output": ["sum(l_quantity)"],
      "Plans": [
        {
          "Node Type": "Gather",
          "Parent Relationship": "Outer",
          "Parallel Aware": false,
          "Startup Cost": 144974.57,
          "Total Cost": 144974.98,
          "Plan Rows": 4,
          "Plan Width": 32,
          "Actual Startup Time": 484.868,
          "Actual Total Time": 486.428,
          "Actual Rows": 3,
          "Actual Loops": 1,
          "Output": ["(PARTIAL sum(l_quantity))"],
          "Workers Planned": 4,
          "Workers Launched": 2,
          "Single Copy": false,
          "Plans": [
            {
              "Node Type": "Aggregate",
              "Strategy": "Plain",
              "Partial Mode": "Partial",
              "Parent Relationship": "Outer",
              "Parallel Aware": false,
              "Startup Cost": 143974.57,
              "Total Cost": 143974.58,
              "Plan Rows": 1,
              "Plan Width": 32,
              "Actual Startup Time": 482.39,
              "Actual Total Time": 482.39,
              "Actual Rows": 1,
              "Actual Loops": 3,
              "Output": ["PARTIAL sum(l_quantity)"],
              "Workers": [
                {
                  "Worker Number": 0,
                  "Actual Startup Time": 481.485,
                  "Actual Total Time": 481.485,
                  "Actual Rows": 1,
                  "Actual Loops": 1
                },
                {
                  "Worker Number": 1,
                  "Actual Startup Time": 481.56,
                  "Actual Total Time": 481.56,
                  "Actual Rows": 1,
                  "Actual Loops": 1
                }
              ],
              "Plans": [
                {
                  "Node Type": "Seq Scan",
                  "Parent Relationship": "Outer",
                  "Parallel Aware": true,
                  "Relation Name": "lineitem",
                  "Schema": "public",
                  "Alias": "lineitem",
                  "Startup Cost": 0.0,
                  "Total Cost": 140298.89,
                  "Plan Rows": 1470273,
                  "Plan Width": 5,
                  "Actual Startup Time": 0.652,
                  "Actual Total Time": 344.447,
                  "Actual Rows": 1962085,
                  "Actual Loops": 3,
                  "Output": [
                    "l_orderkey",
                    "l_partkey",
                    "l_suppkey",
                    "l_linenumber",
                    "l_quantity",
                    "l_extendedprice",
                    "l_discount",
                    "l_tax",
                    "l_returnflag",
                    "l_linestatus",
                    "l_shipdate",
                    "l_commitdate",
                    "l_receiptdate",
                    "l_shipinstruct",
                    "l_shipmode",
                    "l_comment"
                  ],
                  "Filter": "(lineitem.l_shipdate <= '1998-08-18 00:00:00'::timestamp without time zone)",
                  "Rows Removed by Filter": 38320,
                  "Workers": [
                    {
                      "Worker Number": 0,
                      "Actual Startup Time": 0.414,
                      "Actual Total Time": 344.435,
                      "Actual Rows": 1962858,
                      "Actual Loops": 1
                    },
                    {
                      "Worker Number": 1,
                      "Actual Startup Time": 0.441,
                      "Actual Total Time": 344.431,
                      "Actual Rows": 1971199,
                      "Actual Loops": 1
                    }
                  ]
                }
              ]
            }
          ]
        }
      ]
    },
    "Planning Time": 0.591,
    "Triggers": [],
    "Execution Time": 486.495
  }
]
